Command line invocation:
    /Applications/Xcode.app/Contents/Developer/usr/bin/xcodebuild CODE_SIGN_IDENTITY= CODE_SIGNING_REQUIRED=NO CODE_SIGNING_ALLOWED=NO -project LibraryApp.xcodeproj -scheme LibraryApp build

Build settings from command line:
    CODE_SIGN_IDENTITY = 
    CODE_SIGNING_ALLOWED = NO
    CODE_SIGNING_REQUIRED = NO

Resolve Package Graph


Resolved source packages:
  leveldb: https://github.com/firebase/leveldb.git @ 1.22.5
  GoogleDataTransport: https://github.com/google/GoogleDataTransport.git @ 10.1.0
  nanopb: https://github.com/firebase/nanopb.git @ 2.30910.0
  GoogleAdsOnDeviceConversion: https://github.com/googleads/google-ads-on-device-conversion-ios-sdk @ 2.3.0
  SwiftProtobuf: https://github.com/apple/swift-protobuf.git @ 1.37.0
  Promises: https://github.com/google/promises.git @ 2.4.0
  gRPC: https://github.com/google/grpc-binary.git @ 1.69.1
  InteropForGoogle: https://github.com/google/interop-ios-for-google-sdks.git @ 101.0.0
  GTMSessionFetcher: https://github.com/google/gtm-session-fetcher.git @ 4.5.0
  Firebase: https://github.com/firebase/firebase-ios-sdk @ 11.15.0
  AppCheck: https://github.com/google/app-check.git @ 11.2.0
  GoogleAppMeasurement: https://github.com/google/GoogleAppMeasurement.git @ 11.15.0
  GoogleUtilities: https://github.com/google/GoogleUtilities.git @ 8.1.0
  abseil: https://github.com/google/abseil-cpp-binary.git @ 1.2024072200.0

note: Using codesigning identity override: 
ComputePackagePrebuildTargetDependencyGraph

Prepare packages

CreateBuildRequest

SendProjectDescription

CreateBuildOperation

ComputeTargetDependencyGraph
note: Building targets in dependency order
note: Target dependency graph (58 targets)
    Target 'LibraryApp' in project 'LibraryApp'
        ➜ Explicit dependency on target 'FirebaseAuth' in project 'Firebase'
        ➜ Explicit dependency on target 'FirebaseFirestore' in project 'Firebase'
    Target 'FirebaseFirestore' in project 'Firebase'
        ➜ Explicit dependency on target 'FirebaseFirestoreTarget' in project 'Firebase'
        ➜ Explicit dependency on target 'FirebaseFirestoreInternalWrapper' in project 'Firebase'
        ➜ Explicit dependency on target 'FirebaseAppCheckInterop' in project 'Firebase'
        ➜ Explicit dependency on target 'Firebase' in project 'Firebase'
        ➜ Explicit dependency on target 'FirebaseCoreInternal' in project 'Firebase'
        ➜ Explicit dependency on target 'FirebaseCore' in project 'Firebase'
        ➜ Explicit dependency on target 'FirebaseCoreExtension' in project 'Firebase'
        ➜ Explicit dependency on target 'FirebaseSharedSwift' in project 'Firebase'
        ➜ Explicit dependency on target 'FirebaseFirestore' in project 'Firebase'
        ➜ Explicit dependency on target 'GULNSData' in project 'GoogleUtilities'
        ➜ Explicit dependency on target 'GULEnvironment' in project 'GoogleUtilities'
        ➜ Explicit dependency on target 'GULLogger' in project 'GoogleUtilities'
        ➜ Explicit dependency on target 'abseil' in project 'abseil'
        ➜ Explicit dependency on target 'gRPC-C++' in project 'gRPC'
        ➜ Explicit dependency on target 'nanopb' in project 'nanopb'
        ➜ Explicit dependency on target 'leveldb' in project 'leveldb'
    Target 'FirebaseFirestoreTarget' in project 'Firebase'
        ➜ Explicit dependency on target 'FirebaseFirestoreInternalWrapper' in project 'Firebase'
        ➜ Explicit dependency on target 'FirebaseAppCheckInterop' in project 'Firebase'
        ➜ Explicit dependency on target 'Firebase' in project 'Firebase'
        ➜ Explicit dependency on target 'FirebaseCoreInternal' in project 'Firebase'
        ➜ Explicit dependency on target 'FirebaseCore' in project 'Firebase'
        ➜ Explicit dependency on target 'FirebaseCoreExtension' in project 'Firebase'
        ➜ Explicit dependency on target 'FirebaseSharedSwift' in project 'Firebase'
        ➜ Explicit dependency on target 'FirebaseFirestore' in project 'Firebase'
        ➜ Explicit dependency on target 'GULNSData' in project 'GoogleUtilities'
        ➜ Explicit dependency on target 'GULEnvironment' in project 'GoogleUtilities'
        ➜ Explicit dependency on target 'GULLogger' in project 'GoogleUtilities'
        ➜ Explicit dependency on target 'abseil' in project 'abseil'
        ➜ Explicit dependency on target 'gRPC-C++' in project 'gRPC'
        ➜ Explicit dependency on target 'nanopb' in project 'nanopb'
        ➜ Explicit dependency on target 'leveldb' in project 'leveldb'
    Target 'FirebaseFirestore' in project 'Firebase'
        ➜ Explicit dependency on target 'Firebase_FirebaseFirestore' in project 'Firebase'
        ➜ Explicit dependency on target 'FirebaseFirestoreInternalWrapper' in project 'Firebase'
        ➜ Explicit dependency on target 'FirebaseAppCheckInterop' in project 'Firebase'
        ➜ Explicit dependency on target 'Firebase' in project 'Firebase'
        ➜ Explicit dependency on target 'FirebaseCoreInternal' in project 'Firebase'
        ➜ Explicit dependency on target 'FirebaseCore' in project 'Firebase'
        ➜ Explicit dependency on target 'FirebaseCoreExtension' in project 'Firebase'
        ➜ Explicit dependency on target 'FirebaseSharedSwift' in project 'Firebase'
        ➜ Explicit dependency on target 'GULNSData' in project 'GoogleUtilities'
        ➜ Explicit dependency on target 'GULEnvironment' in project 'GoogleUtilities'
        ➜ Explicit dependency on target 'GULLogger' in project 'GoogleUtilities'
        ➜ Explicit dependency on target 'abseil' in project 'abseil'
        ➜ Explicit dependency on target 'gRPC-C++' in project 'gRPC'
        ➜ Explicit dependency on target 'nanopb' in project 'nanopb'
        ➜ Explicit dependency on target 'leveldb' in project 'leveldb'
    Target 'leveldb' in project 'leveldb'
        ➜ Explicit dependency on target 'leveldb' in project 'leveldb'
        ➜ Explicit dependency on target 'leveldb_leveldb' in project 'leveldb'
    Target 'leveldb' in project 'leveldb'
        ➜ Explicit dependency on target 'leveldb_leveldb' in project 'leveldb'
    Target 'leveldb_leveldb' in project 'leveldb' (no dependencies)
    Target 'nanopb' in project 'nanopb'
        ➜ Explicit dependency on target 'nanopb' in project 'nanopb'
        ➜ Explicit dependency on target 'nanopb_nanopb' in project 'nanopb'
    Target 'nanopb' in project 'nanopb'
        ➜ Explicit dependency on target 'nanopb_nanopb' in project 'nanopb'
    Target 'nanopb_nanopb' in project 'nanopb' (no dependencies)
    Target 'gRPC-C++' in project 'gRPC'
        ➜ Explicit dependency on target 'grpcppWrapper' in project 'gRPC'
        ➜ Explicit dependency on target 'gRPC_grpcppWrapper' in project 'gRPC'
        ➜ Explicit dependency on target 'grpcWrapper' in project 'gRPC'
        ➜ Explicit dependency on target 'opensslWrapper' in project 'gRPC'
        ➜ Explicit dependency on target 'abseil' in project 'abseil'
    Target 'grpcppWrapper' in project 'gRPC'
        ➜ Explicit dependency on target 'gRPC_grpcppWrapper' in project 'gRPC'
        ➜ Explicit dependency on target 'grpcWrapper' in project 'gRPC'
        ➜ Explicit dependency on target 'opensslWrapper' in project 'gRPC'
        ➜ Explicit dependency on target 'abseil' in project 'abseil'
    Target 'opensslWrapper' in project 'gRPC'
        ➜ Explicit dependency on target 'gRPC_opensslWrapper' in project 'gRPC'
    Target 'gRPC_opensslWrapper' in project 'gRPC' (no dependencies)
    Target 'grpcWrapper' in project 'gRPC'
        ➜ Explicit dependency on target 'gRPC_grpcWrapper' in project 'gRPC'
    Target 'gRPC_grpcWrapper' in project 'gRPC' (no dependencies)
    Target 'gRPC_grpcppWrapper' in project 'gRPC' (no dependencies)
    Target 'abseil' in project 'abseil'
        ➜ Explicit dependency on target 'abslWrapper' in project 'abseil'
        ➜ Explicit dependency on target 'abseil_abslWrapper' in project 'abseil'
    Target 'abslWrapper' in project 'abseil'
        ➜ Explicit dependency on target 'abseil_abslWrapper' in project 'abseil'
    Target 'abseil_abslWrapper' in project 'abseil' (no dependencies)
    Target 'Firebase_FirebaseFirestore' in project 'Firebase' (no dependencies)
    Target 'FirebaseSharedSwift' in project 'Firebase' (no dependencies)
    Target 'FirebaseFirestoreInternalWrapper' in project 'Firebase' (no dependencies)
    Target 'FirebaseAuth' in project 'Firebase'
        ➜ Explicit dependency on target 'FirebaseAuth' in project 'Firebase'
        ➜ Explicit dependency on target 'Firebase_FirebaseAuth' in project 'Firebase'
        ➜ Explicit dependency on target 'FirebaseAppCheckInterop' in project 'Firebase'
        ➜ Explicit dependency on target 'FirebaseAuthInterop' in project 'Firebase'
        ➜ Explicit dependency on target 'FirebaseAuthInternal' in project 'Firebase'
        ➜ Explicit dependency on target 'Firebase' in project 'Firebase'
        ➜ Explicit dependency on target 'FirebaseCoreInternal' in project 'Firebase'
        ➜ Explicit dependency on target 'FirebaseCore' in project 'Firebase'
        ➜ Explicit dependency on target 'FirebaseCoreExtension' in project 'Firebase'
        ➜ Explicit dependency on target 'RecaptchaInterop' in project 'InteropForGoogle'
        ➜ Explicit dependency on target 'GULNSData' in project 'GoogleUtilities'
        ➜ Explicit dependency on target 'GULEnvironment' in project 'GoogleUtilities'
        ➜ Explicit dependency on target 'GULLogger' in project 'GoogleUtilities'
        ➜ Explicit dependency on target 'GULAppDelegateSwizzler' in project 'GoogleUtilities'
        ➜ Explicit dependency on target 'GTMSessionFetcherCore' in project 'GTMSessionFetcher'
    Target 'FirebaseAuth' in project 'Firebase'
        ➜ Explicit dependency on target 'Firebase_FirebaseAuth' in project 'Firebase'
        ➜ Explicit dependency on target 'FirebaseAppCheckInterop' in project 'Firebase'
        ➜ Explicit dependency on target 'FirebaseAuthInterop' in project 'Firebase'
        ➜ Explicit dependency on target 'FirebaseAuthInternal' in project 'Firebase'
        ➜ Explicit dependency on target 'Firebase' in project 'Firebase'
        ➜ Explicit dependency on target 'FirebaseCoreInternal' in project 'Firebase'
        ➜ Explicit dependency on target 'FirebaseCore' in project 'Firebase'
        ➜ Explicit dependency on target 'FirebaseCoreExtension' in project 'Firebase'
        ➜ Explicit dependency on target 'RecaptchaInterop' in project 'InteropForGoogle'
        ➜ Explicit dependency on target 'GULNSData' in project 'GoogleUtilities'
        ➜ Explicit dependency on target 'GULEnvironment' in project 'GoogleUtilities'
        ➜ Explicit dependency on target 'GULLogger' in project 'GoogleUtilities'
        ➜ Explicit dependency on target 'GULAppDelegateSwizzler' in project 'GoogleUtilities'
        ➜ Explicit dependency on target 'GTMSessionFetcherCore' in project 'GTMSessionFetcher'
    Target 'GTMSessionFetcherCore' in project 'GTMSessionFetcher'
        ➜ Explicit dependency on target 'GTMSessionFetcherCore' in project 'GTMSessionFetcher'
        ➜ Explicit dependency on target 'GTMSessionFetcher_GTMSessionFetcherCore' in project 'GTMSessionFetcher'
    Target 'GTMSessionFetcherCore' in project 'GTMSessionFetcher'
        ➜ Explicit dependency on target 'GTMSessionFetcher_GTMSessionFetcherCore' in project 'GTMSessionFetcher'
    Target 'GTMSessionFetcher_GTMSessionFetcherCore' in project 'GTMSessionFetcher' (no dependencies)
    Target 'GULAppDelegateSwizzler' in project 'GoogleUtilities'
        ➜ Explicit dependency on target 'GoogleUtilities-AppDelegateSwizzler' in project 'GoogleUtilities'
        ➜ Explicit dependency on target 'GoogleUtilities_GoogleUtilities-AppDelegateSwizzler' in project 'GoogleUtilities'
        ➜ Explicit dependency on target 'third-party-IsAppEncrypted' in project 'GoogleUtilities'
        ➜ Explicit dependency on target 'GoogleUtilities-Environment' in project 'GoogleUtilities'
        ➜ Explicit dependency on target 'GoogleUtilities-Logger' in project 'GoogleUtilities'
        ➜ Explicit dependency on target 'GoogleUtilities-NSData' in project 'GoogleUtilities'
        ➜ Explicit dependency on target 'GoogleUtilities-Reachability' in project 'GoogleUtilities'
        ➜ Explicit dependency on target 'GoogleUtilities-Network' in project 'GoogleUtilities'
    Target 'GoogleUtilities-AppDelegateSwizzler' in project 'GoogleUtilities'
        ➜ Explicit dependency on target 'GoogleUtilities_GoogleUtilities-AppDelegateSwizzler' in project 'GoogleUtilities'
        ➜ Explicit dependency on target 'third-party-IsAppEncrypted' in project 'GoogleUtilities'
        ➜ Explicit dependency on target 'GoogleUtilities-Environment' in project 'GoogleUtilities'
        ➜ Explicit dependency on target 'GoogleUtilities-Logger' in project 'GoogleUtilities'
        ➜ Explicit dependency on target 'GoogleUtilities-NSData' in project 'GoogleUtilities'
        ➜ Explicit dependency on target 'GoogleUtilities-Reachability' in project 'GoogleUtilities'
        ➜ Explicit dependency on target 'GoogleUtilities-Network' in project 'GoogleUtilities'
    Target 'GoogleUtilities-Network' in project 'GoogleUtilities'
        ➜ Explicit dependency on target 'GoogleUtilities_GoogleUtilities-Network' in project 'GoogleUtilities'
        ➜ Explicit dependency on target 'third-party-IsAppEncrypted' in project 'GoogleUtilities'
        ➜ Explicit dependency on target 'GoogleUtilities-Environment' in project 'GoogleUtilities'
        ➜ Explicit dependency on target 'GoogleUtilities-Logger' in project 'GoogleUtilities'
        ➜ Explicit dependency on target 'GoogleUtilities-NSData' in project 'GoogleUtilities'
        ➜ Explicit dependency on target 'GoogleUtilities-Reachability' in project 'GoogleUtilities'
    Target 'GoogleUtilities_GoogleUtilities-Network' in project 'GoogleUtilities' (no dependencies)
    Target 'GoogleUtilities-Reachability' in project 'GoogleUtilities'
        ➜ Explicit dependency on target 'GoogleUtilities_GoogleUtilities-Reachability' in project 'GoogleUtilities'
        ➜ Explicit dependency on target 'third-party-IsAppEncrypted' in project 'GoogleUtilities'
        ➜ Explicit dependency on target 'GoogleUtilities-Environment' in project 'GoogleUtilities'
        ➜ Explicit dependency on target 'GoogleUtilities-Logger' in project 'GoogleUtilities'
    Target 'GoogleUtilities_GoogleUtilities-Reachability' in project 'GoogleUtilities' (no dependencies)
    Target 'GoogleUtilities_GoogleUtilities-AppDelegateSwizzler' in project 'GoogleUtilities' (no dependencies)
    Target 'FirebaseCoreExtension' in project 'Firebase'
        ➜ Explicit dependency on target 'Firebase_FirebaseCoreExtension' in project 'Firebase'
    Target 'Firebase_FirebaseCoreExtension' in project 'Firebase' (no dependencies)
    Target 'FirebaseCore' in project 'Firebase'
        ➜ Explicit dependency on target 'Firebase_FirebaseCore' in project 'Firebase'
        ➜ Explicit dependency on target 'Firebase' in project 'Firebase'
        ➜ Explicit dependency on target 'FirebaseCoreInternal' in project 'Firebase'
        ➜ Explicit dependency on target 'GULNSData' in project 'GoogleUtilities'
        ➜ Explicit dependency on target 'GULEnvironment' in project 'GoogleUtilities'
        ➜ Explicit dependency on target 'GULLogger' in project 'GoogleUtilities'
    Target 'GULLogger' in project 'GoogleUtilities'
        ➜ Explicit dependency on target 'GoogleUtilities-Logger' in project 'GoogleUtilities'
        ➜ Explicit dependency on target 'GoogleUtilities_GoogleUtilities-Logger' in project 'GoogleUtilities'
        ➜ Explicit dependency on target 'third-party-IsAppEncrypted' in project 'GoogleUtilities'
        ➜ Explicit dependency on target 'GoogleUtilities-Environment' in project 'GoogleUtilities'
    Target 'GoogleUtilities-Logger' in project 'GoogleUtilities'
        ➜ Explicit dependency on target 'GoogleUtilities_GoogleUtilities-Logger' in project 'GoogleUtilities'
        ➜ Explicit dependency on target 'third-party-IsAppEncrypted' in project 'GoogleUtilities'
        ➜ Explicit dependency on target 'GoogleUtilities-Environment' in project 'GoogleUtilities'
    Target 'GoogleUtilities_GoogleUtilities-Logger' in project 'GoogleUtilities' (no dependencies)
    Target 'GULEnvironment' in project 'GoogleUtilities'
        ➜ Explicit dependency on target 'GoogleUtilities-Environment' in project 'GoogleUtilities'
        ➜ Explicit dependency on target 'GoogleUtilities_GoogleUtilities-Environment' in project 'GoogleUtilities'
        ➜ Explicit dependency on target 'third-party-IsAppEncrypted' in project 'GoogleUtilities'
    Target 'GoogleUtilities-Environment' in project 'GoogleUtilities'
        ➜ Explicit dependency on target 'GoogleUtilities_GoogleUtilities-Environment' in project 'GoogleUtilities'
        ➜ Explicit dependency on target 'third-party-IsAppEncrypted' in project 'GoogleUtilities'
    Target 'third-party-IsAppEncrypted' in project 'GoogleUtilities' (no dependencies)
    Target 'GoogleUtilities_GoogleUtilities-Environment' in project 'GoogleUtilities' (no dependencies)
    Target 'Firebase_FirebaseCore' in project 'Firebase' (no dependencies)
    Target 'FirebaseCoreInternal' in project 'Firebase'
        ➜ Explicit dependency on target 'Firebase_FirebaseCoreInternal' in project 'Firebase'
        ➜ Explicit dependency on target 'GULNSData' in project 'GoogleUtilities'
    Target 'GULNSData' in project 'GoogleUtilities'
        ➜ Explicit dependency on target 'GoogleUtilities-NSData' in project 'GoogleUtilities'
        ➜ Explicit dependency on target 'GoogleUtilities_GoogleUtilities-NSData' in project 'GoogleUtilities'
    Target 'GoogleUtilities-NSData' in project 'GoogleUtilities'
        ➜ Explicit dependency on target 'GoogleUtilities_GoogleUtilities-NSData' in project 'GoogleUtilities'
    Target 'GoogleUtilities_GoogleUtilities-NSData' in project 'GoogleUtilities' (no dependencies)
    Target 'Firebase_FirebaseCoreInternal' in project 'Firebase' (no dependencies)
    Target 'Firebase' in project 'Firebase' (no dependencies)
    Target 'FirebaseAuthInternal' in project 'Firebase'
        ➜ Explicit dependency on target 'RecaptchaInterop' in project 'InteropForGoogle'
    Target 'RecaptchaInterop' in project 'InteropForGoogle'
        ➜ Explicit dependency on target 'RecaptchaInterop' in project 'InteropForGoogle'
    Target 'RecaptchaInterop' in project 'InteropForGoogle' (no dependencies)
    Target 'FirebaseAuthInterop' in project 'Firebase' (no dependencies)
    Target 'FirebaseAppCheckInterop' in project 'Firebase' (no dependencies)
    Target 'Firebase_FirebaseAuth' in project 'Firebase' (no dependencies)

GatherProvisioningInputs

CreateBuildDescription

ExecuteExternalTool /Applications/Xcode.app/Contents/Developer/Toolchains/XcodeDefault.xctoolchain/usr/bin/clang -v -E -dM -arch arm64 -isysroot /Applications/Xcode.app/Contents/Developer/Platforms/iPhoneOS.platform/Developer/SDKs/iPhoneOS26.2.sdk -x objective-c -c /dev/null

ExecuteExternalTool /Applications/Xcode.app/Contents/Developer/Toolchains/XcodeDefault.xctoolchain/usr/bin/swiftc --version

ExecuteExternalTool /Applications/Xcode.app/Contents/Developer/Toolchains/XcodeDefault.xctoolchain/usr/bin/clang -v -E -dM -isysroot /Applications/Xcode.app/Contents/Developer/Platforms/iPhoneOS.platform/Developer/SDKs/iPhoneOS26.2.sdk -x c -c /dev/null

ExecuteExternalTool /Applications/Xcode.app/Contents/Developer/usr/bin/actool --print-asset-tag-combinations --output-format xml1 /Users/cobsccomp242p-062/Documents/SmartLibrary-main-2/LibraryApp/Assets.xcassets

ExecuteExternalTool /Applications/Xcode.app/Contents/Developer/usr/bin/actool --version --output-format xml1

ExecuteExternalTool /Applications/Xcode.app/Contents/Developer/Toolchains/XcodeDefault.xctoolchain/usr/bin/clang -v -E -dM -arch arm64 -isysroot /Applications/Xcode.app/Contents/Developer/Platforms/iPhoneOS.platform/Developer/SDKs/iPhoneOS26.2.sdk -x c -c /dev/null

ExecuteExternalTool /Applications/Xcode.app/Contents/Developer/Toolchains/XcodeDefault.xctoolchain/usr/bin/ld -version_details

ExecuteExternalTool /Applications/Xcode.app/Contents/Developer/Toolchains/XcodeDefault.xctoolchain/usr/bin/clang -v -E -dM -arch arm64 -isysroot /Applications/Xcode.app/Contents/Developer/Platforms/iPhoneOS.platform/Developer/SDKs/iPhoneOS26.2.sdk -x c++ -c /dev/null

Build description signature: a940a54c891bd012f0af36c419f108d6
Build description path: /Users/cobsccomp242p-062/Library/Developer/Xcode/DerivedData/LibraryApp-ggrreozgjzwqzybnojfnttifbkwh/Build/Intermediates.noindex/XCBuildData/a940a54c891bd012f0af36c419f108d6.xcbuilddata
ClangStatCache /Applications/Xcode.app/Contents/Developer/Toolchains/XcodeDefault.xctoolchain/usr/bin/clang-stat-cache /Applications/Xcode.app/Contents/Developer/Platforms/iPhoneOS.platform/Developer/SDKs/iPhoneOS26.2.sdk /Users/cobsccomp242p-062/Library/Developer/Xcode/DerivedData/SDKStatCaches.noindex/iphoneos26.2-23C53-3794476bd08197c3e2abd9bb477ef7f7.sdkstatcache
    cd /Users/cobsccomp242p-062/Documents/SmartLibrary-main-2/LibraryApp.xcodeproj
    /Applications/Xcode.app/Contents/Developer/Toolchains/XcodeDefault.xctoolchain/usr/bin/clang-stat-cache /Applications/Xcode.app/Contents/Developer/Platforms/iPhoneOS.platform/Developer/SDKs/iPhoneOS26.2.sdk -o /Users/cobsccomp242p-062/Library/Developer/Xcode/DerivedData/SDKStatCaches.noindex/iphoneos26.2-23C53-3794476bd08197c3e2abd9bb477ef7f7.sdkstatcache

ProcessInfoPlistFile /Users/cobsccomp242p-062/Library/Developer/Xcode/DerivedData/LibraryApp-ggrreozgjzwqzybnojfnttifbkwh/Build/Products/Debug-iphoneos/leveldb_leveldb.bundle/Info.plist /Users/cobsccomp242p-062/Library/Developer/Xcode/DerivedData/LibraryApp-ggrreozgjzwqzybnojfnttifbkwh/Build/Intermediates.noindex/leveldb.build/Debug-iphoneos/leveldb_leveldb.build/empty-leveldb_leveldb.plist (in target 'leveldb_leveldb' from project 'leveldb')
    cd /Users/cobsccomp242p-062/Library/Developer/Xcode/DerivedData/LibraryApp-ggrreozgjzwqzybnojfnttifbkwh/SourcePackages/checkouts/leveldb
    builtin-infoPlistUtility /Users/cobsccomp242p-062/Library/Developer/Xcode/DerivedData/LibraryApp-ggrreozgjzwqzybnojfnttifbkwh/Build/Intermediates.noindex/leveldb.build/Debug-iphoneos/leveldb_leveldb.build/empty-leveldb_leveldb.plist -producttype com.apple.product-type.bundle -expandbuildsettings -format binary -platform iphoneos -requiredArchitecture arm64 -o /Users/cobsccomp242p-062/Library/Developer/Xcode/DerivedData/LibraryApp-ggrreozgjzwqzybnojfnttifbkwh/Build/Products/Debug-iphoneos/leveldb_leveldb.bundle/Info.plist

ProcessInfoPlistFile /Users/cobsccomp242p-062/Library/Developer/Xcode/DerivedData/LibraryApp-ggrreozgjzwqzybnojfnttifbkwh/Build/Products/Debug-iphoneos/gRPC_grpcppWrapper.bundle/Info.plist /Users/cobsccomp242p-062/Library/Developer/Xcode/DerivedData/LibraryApp-ggrreozgjzwqzybnojfnttifbkwh/Build/Intermediates.noindex/gRPC.build/Debug-iphoneos/gRPC_grpcppWrapper.build/empty-gRPC_grpcppWrapper.plist (in target 'gRPC_grpcppWrapper' from project 'gRPC')
    cd /Users/cobsccomp242p-062/Library/Developer/Xcode/DerivedData/LibraryApp-ggrreozgjzwqzybnojfnttifbkwh/SourcePackages/checkouts/grpc-binary
    builtin-infoPlistUtility /Users/cobsccomp242p-062/Library/Developer/Xcode/DerivedData/LibraryApp-ggrreozgjzwqzybnojfnttifbkwh/Build/Intermediates.noindex/gRPC.build/Debug-iphoneos/gRPC_grpcppWrapper.build/empty-gRPC_grpcppWrapper.plist -producttype com.apple.product-type.bundle -expandbuildsettings -format binary -platform iphoneos -requiredArchitecture arm64 -o /Users/cobsccomp242p-062/Library/Developer/Xcode/DerivedData/LibraryApp-ggrreozgjzwqzybnojfnttifbkwh/Build/Products/Debug-iphoneos/gRPC_grpcppWrapper.bundle/Info.plist

ProcessInfoPlistFile /Users/cobsccomp242p-062/Library/Developer/Xcode/DerivedData/LibraryApp-ggrreozgjzwqzybnojfnttifbkwh/Build/Products/Debug-iphoneos/nanopb_nanopb.bundle/Info.plist /Users/cobsccomp242p-062/Library/Developer/Xcode/DerivedData/LibraryApp-ggrreozgjzwqzybnojfnttifbkwh/Build/Intermediates.noindex/nanopb.build/Debug-iphoneos/nanopb_nanopb.build/empty-nanopb_nanopb.plist (in target 'nanopb_nanopb' from project 'nanopb')
    cd /Users/cobsccomp242p-062/Library/Developer/Xcode/DerivedData/LibraryApp-ggrreozgjzwqzybnojfnttifbkwh/SourcePackages/checkouts/nanopb
    builtin-infoPlistUtility /Users/cobsccomp242p-062/Library/Developer/Xcode/DerivedData/LibraryApp-ggrreozgjzwqzybnojfnttifbkwh/Build/Intermediates.noindex/nanopb.build/Debug-iphoneos/nanopb_nanopb.build/empty-nanopb_nanopb.plist -producttype com.apple.product-type.bundle -expandbuildsettings -format binary -platform iphoneos -requiredArchitecture arm64 -o /Users/cobsccomp242p-062/Library/Developer/Xcode/DerivedData/LibraryApp-ggrreozgjzwqzybnojfnttifbkwh/Build/Products/Debug-iphoneos/nanopb_nanopb.bundle/Info.plist

ProcessInfoPlistFile /Users/cobsccomp242p-062/Library/Developer/Xcode/DerivedData/LibraryApp-ggrreozgjzwqzybnojfnttifbkwh/Build/Products/Debug-iphoneos/gRPC_opensslWrapper.bundle/Info.plist /Users/cobsccomp242p-062/Library/Developer/Xcode/DerivedData/LibraryApp-ggrreozgjzwqzybnojfnttifbkwh/Build/Intermediates.noindex/gRPC.build/Debug-iphoneos/gRPC_opensslWrapper.build/empty-gRPC_opensslWrapper.plist (in target 'gRPC_opensslWrapper' from project 'gRPC')
    cd /Users/cobsccomp242p-062/Library/Developer/Xcode/DerivedData/LibraryApp-ggrreozgjzwqzybnojfnttifbkwh/SourcePackages/checkouts/grpc-binary
    builtin-infoPlistUtility /Users/cobsccomp242p-062/Library/Developer/Xcode/DerivedData/LibraryApp-ggrreozgjzwqzybnojfnttifbkwh/Build/Intermediates.noindex/gRPC.build/Debug-iphoneos/gRPC_opensslWrapper.build/empty-gRPC_opensslWrapper.plist -producttype com.apple.product-type.bundle -expandbuildsettings -format binary -platform iphoneos -requiredArchitecture arm64 -o /Users/cobsccomp242p-062/Library/Developer/Xcode/DerivedData/LibraryApp-ggrreozgjzwqzybnojfnttifbkwh/Build/Products/Debug-iphoneos/gRPC_opensslWrapper.bundle/Info.plist

ProcessInfoPlistFile /Users/cobsccomp242p-062/Library/Developer/Xcode/DerivedData/LibraryApp-ggrreozgjzwqzybnojfnttifbkwh/Build/Products/Debug-iphoneos/gRPC_grpcWrapper.bundle/Info.plist /Users/cobsccomp242p-062/Library/Developer/Xcode/DerivedData/LibraryApp-ggrreozgjzwqzybnojfnttifbkwh/Build/Intermediates.noindex/gRPC.build/Debug-iphoneos/gRPC_grpcWrapper.build/empty-gRPC_grpcWrapper.plist (in target 'gRPC_grpcWrapper' from project 'gRPC')
    cd /Users/cobsccomp242p-062/Library/Developer/Xcode/DerivedData/LibraryApp-ggrreozgjzwqzybnojfnttifbkwh/SourcePackages/checkouts/grpc-binary
    builtin-infoPlistUtility /Users/cobsccomp242p-062/Library/Developer/Xcode/DerivedData/LibraryApp-ggrreozgjzwqzybnojfnttifbkwh/Build/Intermediates.noindex/gRPC.build/Debug-iphoneos/gRPC_grpcWrapper.build/empty-gRPC_grpcWrapper.plist -producttype com.apple.product-type.bundle -expandbuildsettings -format binary -platform iphoneos -requiredArchitecture arm64 -o /Users/cobsccomp242p-062/Library/Developer/Xcode/DerivedData/LibraryApp-ggrreozgjzwqzybnojfnttifbkwh/Build/Products/Debug-iphoneos/gRPC_grpcWrapper.bundle/Info.plist

ProcessInfoPlistFile /Users/cobsccomp242p-062/Library/Developer/Xcode/DerivedData/LibraryApp-ggrreozgjzwqzybnojfnttifbkwh/Build/Products/Debug-iphoneos/abseil_abslWrapper.bundle/Info.plist /Users/cobsccomp242p-062/Library/Developer/Xcode/DerivedData/LibraryApp-ggrreozgjzwqzybnojfnttifbkwh/Build/Intermediates.noindex/abseil.build/Debug-iphoneos/abseil_abslWrapper.build/empty-abseil_abslWrapper.plist (in target 'abseil_abslWrapper' from project 'abseil')
    cd /Users/cobsccomp242p-062/Library/Developer/Xcode/DerivedData/LibraryApp-ggrreozgjzwqzybnojfnttifbkwh/SourcePackages/checkouts/abseil-cpp-binary
    builtin-infoPlistUtility /Users/cobsccomp242p-062/Library/Developer/Xcode/DerivedData/LibraryApp-ggrreozgjzwqzybnojfnttifbkwh/Build/Intermediates.noindex/abseil.build/Debug-iphoneos/abseil_abslWrapper.build/empty-abseil_abslWrapper.plist -producttype com.apple.product-type.bundle -expandbuildsettings -format binary -platform iphoneos -requiredArchitecture arm64 -o /Users/cobsccomp242p-062/Library/Developer/Xcode/DerivedData/LibraryApp-ggrreozgjzwqzybnojfnttifbkwh/Build/Products/Debug-iphoneos/abseil_abslWrapper.bundle/Info.plist

ProcessInfoPlistFile /Users/cobsccomp242p-062/Library/Developer/Xcode/DerivedData/LibraryApp-ggrreozgjzwqzybnojfnttifbkwh/Build/Products/Debug-iphoneos/GoogleUtilities_GoogleUtilities-Reachability.bundle/Info.plist /Users/cobsccomp242p-062/Library/Developer/Xcode/DerivedData/LibraryApp-ggrreozgjzwqzybnojfnttifbkwh/Build/Intermediates.noindex/GoogleUtilities.build/Debug-iphoneos/GoogleUtilities_GoogleUtilities-Reachability.build/empty-GoogleUtilities_GoogleUtilities-Reachability.plist (in target 'GoogleUtilities_GoogleUtilities-Reachability' from project 'GoogleUtilities')
    cd /Users/cobsccomp242p-062/Library/Developer/Xcode/DerivedData/LibraryApp-ggrreozgjzwqzybnojfnttifbkwh/SourcePackages/checkouts/GoogleUtilities
    builtin-infoPlistUtility /Users/cobsccomp242p-062/Library/Developer/Xcode/DerivedData/LibraryApp-ggrreozgjzwqzybnojfnttifbkwh/Build/Intermediates.noindex/GoogleUtilities.build/Debug-iphoneos/GoogleUtilities_GoogleUtilities-Reachability.build/empty-GoogleUtilities_GoogleUtilities-Reachability.plist -producttype com.apple.product-type.bundle -expandbuildsettings -format binary -platform iphoneos -requiredArchitecture arm64 -o /Users/cobsccomp242p-062/Library/Developer/Xcode/DerivedData/LibraryApp-ggrreozgjzwqzybnojfnttifbkwh/Build/Products/Debug-iphoneos/GoogleUtilities_GoogleUtilities-Reachability.bundle/Info.plist

ProcessInfoPlistFile /Users/cobsccomp242p-062/Library/Developer/Xcode/DerivedData/LibraryApp-ggrreozgjzwqzybnojfnttifbkwh/Build/Products/Debug-iphoneos/GoogleUtilities_GoogleUtilities-Network.bundle/Info.plist /Users/cobsccomp242p-062/Library/Developer/Xcode/DerivedData/LibraryApp-ggrreozgjzwqzybnojfnttifbkwh/Build/Intermediates.noindex/GoogleUtilities.build/Debug-iphoneos/GoogleUtilities_GoogleUtilities-Network.build/empty-GoogleUtilities_GoogleUtilities-Network.plist (in target 'GoogleUtilities_GoogleUtilities-Network' from project 'GoogleUtilities')
    cd /Users/cobsccomp242p-062/Library/Developer/Xcode/DerivedData/LibraryApp-ggrreozgjzwqzybnojfnttifbkwh/SourcePackages/checkouts/GoogleUtilities
    builtin-infoPlistUtility /Users/cobsccomp242p-062/Library/Developer/Xcode/DerivedData/LibraryApp-ggrreozgjzwqzybnojfnttifbkwh/Build/Intermediates.noindex/GoogleUtilities.build/Debug-iphoneos/GoogleUtilities_GoogleUtilities-Network.build/empty-GoogleUtilities_GoogleUtilities-Network.plist -producttype com.apple.product-type.bundle -expandbuildsettings -format binary -platform iphoneos -requiredArchitecture arm64 -o /Users/cobsccomp242p-062/Library/Developer/Xcode/DerivedData/LibraryApp-ggrreozgjzwqzybnojfnttifbkwh/Build/Products/Debug-iphoneos/GoogleUtilities_GoogleUtilities-Network.bundle/Info.plist

ProcessInfoPlistFile /Users/cobsccomp242p-062/Library/Developer/Xcode/DerivedData/LibraryApp-ggrreozgjzwqzybnojfnttifbkwh/Build/Products/Debug-iphoneos/GoogleUtilities_GoogleUtilities-NSData.bundle/Info.plist /Users/cobsccomp242p-062/Library/Developer/Xcode/DerivedData/LibraryApp-ggrreozgjzwqzybnojfnttifbkwh/Build/Intermediates.noindex/GoogleUtilities.build/Debug-iphoneos/GoogleUtilities_GoogleUtilities-NSData.build/empty-GoogleUtilities_GoogleUtilities-NSData.plist (in target 'GoogleUtilities_GoogleUtilities-NSData' from project 'GoogleUtilities')
    cd /Users/cobsccomp242p-062/Library/Developer/Xcode/DerivedData/LibraryApp-ggrreozgjzwqzybnojfnttifbkwh/SourcePackages/checkouts/GoogleUtilities
    builtin-infoPlistUtility /Users/cobsccomp242p-062/Library/Developer/Xcode/DerivedData/LibraryApp-ggrreozgjzwqzybnojfnttifbkwh/Build/Intermediates.noindex/GoogleUtilities.build/Debug-iphoneos/GoogleUtilities_GoogleUtilities-NSData.build/empty-GoogleUtilities_GoogleUtilities-NSData.plist -producttype com.apple.product-type.bundle -expandbuildsettings -format binary -platform iphoneos -requiredArchitecture arm64 -o /Users/cobsccomp242p-062/Library/Developer/Xcode/DerivedData/LibraryApp-ggrreozgjzwqzybnojfnttifbkwh/Build/Products/Debug-iphoneos/GoogleUtilities_GoogleUtilities-NSData.bundle/Info.plist

ProcessInfoPlistFile /Users/cobsccomp242p-062/Library/Developer/Xcode/DerivedData/LibraryApp-ggrreozgjzwqzybnojfnttifbkwh/Build/Products/Debug-iphoneos/GoogleUtilities_GoogleUtilities-Logger.bundle/Info.plist /Users/cobsccomp242p-062/Library/Developer/Xcode/DerivedData/LibraryApp-ggrreozgjzwqzybnojfnttifbkwh/Build/Intermediates.noindex/GoogleUtilities.build/Debug-iphoneos/GoogleUtilities_GoogleUtilities-Logger.build/empty-GoogleUtilities_GoogleUtilities-Logger.plist (in target 'GoogleUtilities_GoogleUtilities-Logger' from project 'GoogleUtilities')
    cd /Users/cobsccomp242p-062/Library/Developer/Xcode/DerivedData/LibraryApp-ggrreozgjzwqzybnojfnttifbkwh/SourcePackages/checkouts/GoogleUtilities
    builtin-infoPlistUtility /Users/cobsccomp242p-062/Library/Developer/Xcode/DerivedData/LibraryApp-ggrreozgjzwqzybnojfnttifbkwh/Build/Intermediates.noindex/GoogleUtilities.build/Debug-iphoneos/GoogleUtilities_GoogleUtilities-Logger.build/empty-GoogleUtilities_GoogleUtilities-Logger.plist -producttype com.apple.product-type.bundle -expandbuildsettings -format binary -platform iphoneos -requiredArchitecture arm64 -o /Users/cobsccomp242p-062/Library/Developer/Xcode/DerivedData/LibraryApp-ggrreozgjzwqzybnojfnttifbkwh/Build/Products/Debug-iphoneos/GoogleUtilities_GoogleUtilities-Logger.bundle/Info.plist

ProcessInfoPlistFile /Users/cobsccomp242p-062/Library/Developer/Xcode/DerivedData/LibraryApp-ggrreozgjzwqzybnojfnttifbkwh/Build/Products/Debug-iphoneos/GoogleUtilities_GoogleUtilities-Environment.bundle/Info.plist /Users/cobsccomp242p-062/Library/Developer/Xcode/DerivedData/LibraryApp-ggrreozgjzwqzybnojfnttifbkwh/Build/Intermediates.noindex/GoogleUtilities.build/Debug-iphoneos/GoogleUtilities_GoogleUtilities-Environment.build/empty-GoogleUtilities_GoogleUtilities-Environment.plist (in target 'GoogleUtilities_GoogleUtilities-Environment' from project 'GoogleUtilities')
    cd /Users/cobsccomp242p-062/Library/Developer/Xcode/DerivedData/LibraryApp-ggrreozgjzwqzybnojfnttifbkwh/SourcePackages/checkouts/GoogleUtilities
    builtin-infoPlistUtility /Users/cobsccomp242p-062/Library/Developer/Xcode/DerivedData/LibraryApp-ggrreozgjzwqzybnojfnttifbkwh/Build/Intermediates.noindex/GoogleUtilities.build/Debug-iphoneos/GoogleUtilities_GoogleUtilities-Environment.build/empty-GoogleUtilities_GoogleUtilities-Environment.plist -producttype com.apple.product-type.bundle -expandbuildsettings -format binary -platform iphoneos -requiredArchitecture arm64 -o /Users/cobsccomp242p-062/Library/Developer/Xcode/DerivedData/LibraryApp-ggrreozgjzwqzybnojfnttifbkwh/Build/Products/Debug-iphoneos/GoogleUtilities_GoogleUtilities-Environment.bundle/Info.plist

ProcessInfoPlistFile /Users/cobsccomp242p-062/Library/Developer/Xcode/DerivedData/LibraryApp-ggrreozgjzwqzybnojfnttifbkwh/Build/Products/Debug-iphoneos/GoogleUtilities_GoogleUtilities-AppDelegateSwizzler.bundle/Info.plist /Users/cobsccomp242p-062/Library/Developer/Xcode/DerivedData/LibraryApp-ggrreozgjzwqzybnojfnttifbkwh/Build/Intermediates.noindex/GoogleUtilities.build/Debug-iphoneos/GoogleUtilities_GoogleUtilities-AppDelegateSwizzler.build/empty-GoogleUtilities_GoogleUtilities-AppDelegateSwizzler.plist (in target 'GoogleUtilities_GoogleUtilities-AppDelegateSwizzler' from project 'GoogleUtilities')
    cd /Users/cobsccomp242p-062/Library/Developer/Xcode/DerivedData/LibraryApp-ggrreozgjzwqzybnojfnttifbkwh/SourcePackages/checkouts/GoogleUtilities
    builtin-infoPlistUtility /Users/cobsccomp242p-062/Library/Developer/Xcode/DerivedData/LibraryApp-ggrreozgjzwqzybnojfnttifbkwh/Build/Intermediates.noindex/GoogleUtilities.build/Debug-iphoneos/GoogleUtilities_GoogleUtilities-AppDelegateSwizzler.build/empty-GoogleUtilities_GoogleUtilities-AppDelegateSwizzler.plist -producttype com.apple.product-type.bundle -expandbuildsettings -format binary -platform iphoneos -requiredArchitecture arm64 -o /Users/cobsccomp242p-062/Library/Developer/Xcode/DerivedData/LibraryApp-ggrreozgjzwqzybnojfnttifbkwh/Build/Products/Debug-iphoneos/GoogleUtilities_GoogleUtilities-AppDelegateSwizzler.bundle/Info.plist

ProcessInfoPlistFile /Users/cobsccomp242p-062/Library/Developer/Xcode/DerivedData/LibraryApp-ggrreozgjzwqzybnojfnttifbkwh/Build/Products/Debug-iphoneos/GTMSessionFetcher_GTMSessionFetcherCore.bundle/Info.plist /Users/cobsccomp242p-062/Library/Developer/Xcode/DerivedData/LibraryApp-ggrreozgjzwqzybnojfnttifbkwh/Build/Intermediates.noindex/GTMSessionFetcher.build/Debug-iphoneos/GTMSessionFetcher_GTMSessionFetcherCore.build/empty-GTMSessionFetcher_GTMSessionFetcherCore.plist (in target 'GTMSessionFetcher_GTMSessionFetcherCore' from project 'GTMSessionFetcher')
    cd /Users/cobsccomp242p-062/Library/Developer/Xcode/DerivedData/LibraryApp-ggrreozgjzwqzybnojfnttifbkwh/SourcePackages/checkouts/gtm-session-fetcher
    builtin-infoPlistUtility /Users/cobsccomp242p-062/Library/Developer/Xcode/DerivedData/LibraryApp-ggrreozgjzwqzybnojfnttifbkwh/Build/Intermediates.noindex/GTMSessionFetcher.build/Debug-iphoneos/GTMSessionFetcher_GTMSessionFetcherCore.build/empty-GTMSessionFetcher_GTMSessionFetcherCore.plist -producttype com.apple.product-type.bundle -expandbuildsettings -format binary -platform iphoneos -requiredArchitecture arm64 -o /Users/cobsccomp242p-062/Library/Developer/Xcode/DerivedData/LibraryApp-ggrreozgjzwqzybnojfnttifbkwh/Build/Products/Debug-iphoneos/GTMSessionFetcher_GTMSessionFetcherCore.bundle/Info.plist

ProcessInfoPlistFile /Users/cobsccomp242p-062/Library/Developer/Xcode/DerivedData/LibraryApp-ggrreozgjzwqzybnojfnttifbkwh/Build/Products/Debug-iphoneos/Firebase_FirebaseFirestore.bundle/Info.plist /Users/cobsccomp242p-062/Library/Developer/Xcode/DerivedData/LibraryApp-ggrreozgjzwqzybnojfnttifbkwh/Build/Intermediates.noindex/Firebase.build/Debug-iphoneos/Firebase_FirebaseFirestore.build/empty-Firebase_FirebaseFirestore.plist (in target 'Firebase_FirebaseFirestore' from project 'Firebase')
    cd /Users/cobsccomp242p-062/Library/Developer/Xcode/DerivedData/LibraryApp-ggrreozgjzwqzybnojfnttifbkwh/SourcePackages/checkouts/firebase-ios-sdk
    builtin-infoPlistUtility /Users/cobsccomp242p-062/Library/Developer/Xcode/DerivedData/LibraryApp-ggrreozgjzwqzybnojfnttifbkwh/Build/Intermediates.noindex/Firebase.build/Debug-iphoneos/Firebase_FirebaseFirestore.build/empty-Firebase_FirebaseFirestore.plist -producttype com.apple.product-type.bundle -expandbuildsettings -format binary -platform iphoneos -requiredArchitecture arm64 -o /Users/cobsccomp242p-062/Library/Developer/Xcode/DerivedData/LibraryApp-ggrreozgjzwqzybnojfnttifbkwh/Build/Products/Debug-iphoneos/Firebase_FirebaseFirestore.bundle/Info.plist

ProcessInfoPlistFile /Users/cobsccomp242p-062/Library/Developer/Xcode/DerivedData/LibraryApp-ggrreozgjzwqzybnojfnttifbkwh/Build/Products/Debug-iphoneos/Firebase_FirebaseCoreInternal.bundle/Info.plist /Users/cobsccomp242p-062/Library/Developer/Xcode/DerivedData/LibraryApp-ggrreozgjzwqzybnojfnttifbkwh/Build/Intermediates.noindex/Firebase.build/Debug-iphoneos/Firebase_FirebaseCoreInternal.build/empty-Firebase_FirebaseCoreInternal.plist (in target 'Firebase_FirebaseCoreInternal' from project 'Firebase')
    cd /Users/cobsccomp242p-062/Library/Developer/Xcode/DerivedData/LibraryApp-ggrreozgjzwqzybnojfnttifbkwh/SourcePackages/checkouts/firebase-ios-sdk
    builtin-infoPlistUtility /Users/cobsccomp242p-062/Library/Developer/Xcode/DerivedData/LibraryApp-ggrreozgjzwqzybnojfnttifbkwh/Build/Intermediates.noindex/Firebase.build/Debug-iphoneos/Firebase_FirebaseCoreInternal.build/empty-Firebase_FirebaseCoreInternal.plist -producttype com.apple.product-type.bundle -expandbuildsettings -format binary -platform iphoneos -requiredArchitecture arm64 -o /Users/cobsccomp242p-062/Library/Developer/Xcode/DerivedData/LibraryApp-ggrreozgjzwqzybnojfnttifbkwh/Build/Products/Debug-iphoneos/Firebase_FirebaseCoreInternal.bundle/Info.plist

ProcessInfoPlistFile /Users/cobsccomp242p-062/Library/Developer/Xcode/DerivedData/LibraryApp-ggrreozgjzwqzybnojfnttifbkwh/Build/Products/Debug-iphoneos/Firebase_FirebaseCoreExtension.bundle/Info.plist /Users/cobsccomp242p-062/Library/Developer/Xcode/DerivedData/LibraryApp-ggrreozgjzwqzybnojfnttifbkwh/Build/Intermediates.noindex/Firebase.build/Debug-iphoneos/Firebase_FirebaseCoreExtension.build/empty-Firebase_FirebaseCoreExtension.plist (in target 'Firebase_FirebaseCoreExtension' from project 'Firebase')
    cd /Users/cobsccomp242p-062/Library/Developer/Xcode/DerivedData/LibraryApp-ggrreozgjzwqzybnojfnttifbkwh/SourcePackages/checkouts/firebase-ios-sdk
    builtin-infoPlistUtility /Users/cobsccomp242p-062/Library/Developer/Xcode/DerivedData/LibraryApp-ggrreozgjzwqzybnojfnttifbkwh/Build/Intermediates.noindex/Firebase.build/Debug-iphoneos/Firebase_FirebaseCoreExtension.build/empty-Firebase_FirebaseCoreExtension.plist -producttype com.apple.product-type.bundle -expandbuildsettings -format binary -platform iphoneos -requiredArchitecture arm64 -o /Users/cobsccomp242p-062/Library/Developer/Xcode/DerivedData/LibraryApp-ggrreozgjzwqzybnojfnttifbkwh/Build/Products/Debug-iphoneos/Firebase_FirebaseCoreExtension.bundle/Info.plist

ProcessInfoPlistFile /Users/cobsccomp242p-062/Library/Developer/Xcode/DerivedData/LibraryApp-ggrreozgjzwqzybnojfnttifbkwh/Build/Products/Debug-iphoneos/Firebase_FirebaseCore.bundle/Info.plist /Users/cobsccomp242p-062/Library/Developer/Xcode/DerivedData/LibraryApp-ggrreozgjzwqzybnojfnttifbkwh/Build/Intermediates.noindex/Firebase.build/Debug-iphoneos/Firebase_FirebaseCore.build/empty-Firebase_FirebaseCore.plist (in target 'Firebase_FirebaseCore' from project 'Firebase')
    cd /Users/cobsccomp242p-062/Library/Developer/Xcode/DerivedData/LibraryApp-ggrreozgjzwqzybnojfnttifbkwh/SourcePackages/checkouts/firebase-ios-sdk
    builtin-infoPlistUtility /Users/cobsccomp242p-062/Library/Developer/Xcode/DerivedData/LibraryApp-ggrreozgjzwqzybnojfnttifbkwh/Build/Intermediates.noindex/Firebase.build/Debug-iphoneos/Firebase_FirebaseCore.build/empty-Firebase_FirebaseCore.plist -producttype com.apple.product-type.bundle -expandbuildsettings -format binary -platform iphoneos -requiredArchitecture arm64 -o /Users/cobsccomp242p-062/Library/Developer/Xcode/DerivedData/LibraryApp-ggrreozgjzwqzybnojfnttifbkwh/Build/Products/Debug-iphoneos/Firebase_FirebaseCore.bundle/Info.plist

ProcessInfoPlistFile /Users/cobsccomp242p-062/Library/Developer/Xcode/DerivedData/LibraryApp-ggrreozgjzwqzybnojfnttifbkwh/Build/Products/Debug-iphoneos/Firebase_FirebaseAuth.bundle/Info.plist /Users/cobsccomp242p-062/Library/Developer/Xcode/DerivedData/LibraryApp-ggrreozgjzwqzybnojfnttifbkwh/Build/Intermediates.noindex/Firebase.build/Debug-iphoneos/Firebase_FirebaseAuth.build/empty-Firebase_FirebaseAuth.plist (in target 'Firebase_FirebaseAuth' from project 'Firebase')
    cd /Users/cobsccomp242p-062/Library/Developer/Xcode/DerivedData/LibraryApp-ggrreozgjzwqzybnojfnttifbkwh/SourcePackages/checkouts/firebase-ios-sdk
    builtin-infoPlistUtility /Users/cobsccomp242p-062/Library/Developer/Xcode/DerivedData/LibraryApp-ggrreozgjzwqzybnojfnttifbkwh/Build/Intermediates.noindex/Firebase.build/Debug-iphoneos/Firebase_FirebaseAuth.build/empty-Firebase_FirebaseAuth.plist -producttype com.apple.product-type.bundle -expandbuildsettings -format binary -platform iphoneos -requiredArchitecture arm64 -o /Users/cobsccomp242p-062/Library/Developer/Xcode/DerivedData/LibraryApp-ggrreozgjzwqzybnojfnttifbkwh/Build/Products/Debug-iphoneos/Firebase_FirebaseAuth.bundle/Info.plist

SwiftDriver FirebaseAuth normal arm64 com.apple.xcode.tools.swift.compiler (in target 'FirebaseAuth' from project 'Firebase')
    cd /Users/cobsccomp242p-062/Documents/SmartLibrary-main-2/LibraryApp.xcodeproj
    builtin-SwiftDriver -- /Applications/Xcode.app/Contents/Developer/Toolchains/XcodeDefault.xctoolchain/usr/bin/swiftc -module-name FirebaseAuth -Onone -enforce-exclusivity\=checked @/Users/cobsccomp242p-062/Library/Developer/Xcode/DerivedData/LibraryApp-ggrreozgjzwqzybnojfnttifbkwh/Build/Intermediates.noindex/Firebase.build/Debug-iphoneos/FirebaseAuth.build/Objects-normal/arm64/FirebaseAuth.SwiftFileList -DSWIFT_PACKAGE -DDEBUG -DSWIFT_MODULE_RESOURCE_BUNDLE_AVAILABLE -Xcc -fmodule-map-file\=/Users/cobsccomp242p-062/Library/Developer/Xcode/DerivedData/LibraryApp-ggrreozgjzwqzybnojfnttifbkwh/Build/Intermediates.noindex/GeneratedModuleMaps-iphoneos/RecaptchaInterop.modulemap -Xcc -fmodule-map-file\=/Users/cobsccomp242p-062/Library/Developer/Xcode/DerivedData/LibraryApp-ggrreozgjzwqzybnojfnttifbkwh/Build/Intermediates.noindex/GeneratedModuleMaps-iphoneos/GoogleUtilities-Network.modulemap -Xcc -fmodule-map-file\=/Users/cobsccomp242p-062/Library/Developer/Xcode/DerivedData/LibraryApp-ggrreozgjzwqzybnojfnttifbkwh/Build/Intermediates.noindex/GeneratedModuleMaps-iphoneos/GoogleUtilities-Reachability.modulemap -Xcc -fmodule-map-file\=/Users/cobsccomp242p-062/Library/Developer/Xcode/DerivedData/LibraryApp-ggrreozgjzwqzybnojfnttifbkwh/Build/Intermediates.noindex/GeneratedModuleMaps-iphoneos/GoogleUtilities-NSData.modulemap -Xcc -fmodule-map-file\=/Users/cobsccomp242p-062/Library/Developer/Xcode/DerivedData/LibraryApp-ggrreozgjzwqzybnojfnttifbkwh/Build/Intermediates.noindex/GeneratedModuleMaps-iphoneos/GoogleUtilities-Logger.modulemap -Xcc -fmodule-map-file\=/Users/cobsccomp242p-062/Library/Developer/Xcode/DerivedData/LibraryApp-ggrreozgjzwqzybnojfnttifbkwh/Build/Intermediates.noindex/GeneratedModuleMaps-iphoneos/GoogleUtilities-Environment.modulemap -Xcc -fmodule-map-file\=/Users/cobsccomp242p-062/Library/Developer/Xcode/DerivedData/LibraryApp-ggrreozgjzwqzybnojfnttifbkwh/Build/Intermediates.noindex/GeneratedModuleMaps-iphoneos/third-party-IsAppEncrypted.modulemap -Xcc -fmodule-map-file\=/Users/cobsccomp242p-062/Library/Developer/Xcode/DerivedData/LibraryApp-ggrreozgjzwqzybnojfnttifbkwh/Build/Intermediates.noindex/GeneratedModuleMaps-iphoneos/GoogleUtilities-AppDelegateSwizzler.modulemap -Xcc -fmodule-map-file\=/Users/cobsccomp242p-062/Library/Developer/Xcode/DerivedData/LibraryApp-ggrreozgjzwqzybnojfnttifbkwh/Build/Intermediates.noindex/GeneratedModuleMaps-iphoneos/GTMSessionFetcherCore.modulemap -Xcc -fmodule-map-file\=/Users/cobsccomp242p-062/Library/Developer/Xcode/DerivedData/LibraryApp-ggrreozgjzwqzybnojfnttifbkwh/Build/Intermediates.noindex/GeneratedModuleMaps-iphoneos/FirebaseCoreExtension.modulemap -Xcc -fmodule-map-file\=/Users/cobsccomp242p-062/Library/Developer/Xcode/DerivedData/LibraryApp-ggrreozgjzwqzybnojfnttifbkwh/Build/Intermediates.noindex/GeneratedModuleMaps-iphoneos/FirebaseCore.modulemap -Xcc -fmodule-map-file\=/Users/cobsccomp242p-062/Library/Developer/Xcode/DerivedData/LibraryApp-ggrreozgjzwqzybnojfnttifbkwh/Build/Intermediates.noindex/GeneratedModuleMaps-iphoneos/FirebaseAuthInternal.modulemap -Xcc -fmodule-map-file\=/Users/cobsccomp242p-062/Library/Developer/Xcode/DerivedData/LibraryApp-ggrreozgjzwqzybnojfnttifbkwh/Build/Intermediates.noindex/GeneratedModuleMaps-iphoneos/FirebaseAuthInterop.modulemap -Xcc -fmodule-map-file\=/Users/cobsccomp242p-062/Library/Developer/Xcode/DerivedData/LibraryApp-ggrreozgjzwqzybnojfnttifbkwh/Build/Intermediates.noindex/GeneratedModuleMaps-iphoneos/FirebaseAppCheckInterop.modulemap -DXcode -plugin-path /Applications/Xcode.app/Contents/Developer/Toolchains/XcodeDefault.xctoolchain/usr/lib/swift/host/plugins/testing -enable-experimental-feature DebugDescriptionMacro -sdk /Applications/Xcode.app/Contents/Developer/Platforms/iPhoneOS.platform/Developer/SDKs/iPhoneOS26.2.sdk -target arm64-apple-ios12.0 -g -module-cache-path /Users/cobsccomp242p-062/Library/Developer/Xcode/DerivedData/ModuleCache.noindex -Xfrontend -serialize-debugging-options -enable-testing -suppress-warnings -index-store-path /Users/cobsccomp242p-062/Library/Developer/Xcode/DerivedData/LibraryApp-ggrreozgjzwqzybnojfnttifbkwh/Index.noindex/DataStore -Xcc -D_LIBCPP_HARDENING_MODE\=_LIBCPP_HARDENING_MODE_DEBUG -swift-version 5 -I /Users/cobsccomp242p-062/Library/Developer/Xcode/DerivedData/LibraryApp-ggrreozgjzwqzybnojfnttifbkwh/Build/Products/Debug-iphoneos -Isystem /Applications/Xcode.app/Contents/Developer/Platforms/iPhoneOS.platform/Developer/usr/lib -F /Users/cobsccomp242p-062/Library/Developer/Xcode/DerivedData/LibraryApp-ggrreozgjzwqzybnojfnttifbkwh/Build/Products/Debug-iphoneos/PackageFrameworks -F /Users/cobsccomp242p-062/Library/Developer/Xcode/DerivedData/LibraryApp-ggrreozgjzwqzybnojfnttifbkwh/Build/Products/Debug-iphoneos/PackageFrameworks -F /Users/cobsccomp242p-062/Library/Developer/Xcode/DerivedData/LibraryApp-ggrreozgjzwqzybnojfnttifbkwh/Build/Products/Debug-iphoneos/PackageFrameworks -F /Users/cobsccomp242p-062/Library/Developer/Xcode/DerivedData/LibraryApp-ggrreozgjzwqzybnojfnttifbkwh/Build/Products/Debug-iphoneos/PackageFrameworks -F /Users/cobsccomp242p-062/Library/Developer/Xcode/DerivedData/LibraryApp-ggrreozgjzwqzybnojfnttifbkwh/Build/Products/Debug-iphoneos/PackageFrameworks -F /Users/cobsccomp242p-062/Library/Developer/Xcode/DerivedData/LibraryApp-ggrreozgjzwqzybnojfnttifbkwh/Build/Products/Debug-iphoneos/PackageFrameworks -F /Users/cobsccomp242p-062/Library/Developer/Xcode/DerivedData/LibraryApp-ggrreozgjzwqzybnojfnttifbkwh/Build/Products/Debug-iphoneos/PackageFrameworks -F /Users/cobsccomp242p-062/Library/Developer/Xcode/DerivedData/LibraryApp-ggrreozgjzwqzybnojfnttifbkwh/Build/Products/Debug-iphoneos/PackageFrameworks -F /Users/cobsccomp242p-062/Library/Developer/Xcode/DerivedData/LibraryApp-ggrreozgjzwqzybnojfnttifbkwh/Build/Products/Debug-iphoneos/PackageFrameworks -F /Users/cobsccomp242p-062/Library/Developer/Xcode/DerivedData/LibraryApp-ggrreozgjzwqzybnojfnttifbkwh/Build/Products/Debug-iphoneos/PackageFrameworks -F /Users/cobsccomp242p-062/Library/Developer/Xcode/DerivedData/LibraryApp-ggrreozgjzwqzybnojfnttifbkwh/Build/Products/Debug-iphoneos/PackageFrameworks -F /Users/cobsccomp242p-062/Library/Developer/Xcode/DerivedData/LibraryApp-ggrreozgjzwqzybnojfnttifbkwh/Build/Products/Debug-iphoneos/PackageFrameworks -F /Users/cobsccomp242p-062/Library/Developer/Xcode/DerivedData/LibraryApp-ggrreozgjzwqzybnojfnttifbkwh/Build/Products/Debug-iphoneos/PackageFrameworks -F /Users/cobsccomp242p-062/Library/Developer/Xcode/DerivedData/LibraryApp-ggrreozgjzwqzybnojfnttifbkwh/Build/Products/Debug-iphoneos/PackageFrameworks -F /Users/cobsccomp242p-062/Library/Developer/Xcode/DerivedData/LibraryApp-ggrreozgjzwqzybnojfnttifbkwh/Build/Products/Debug-iphoneos/PackageFrameworks -F /Users/cobsccomp242p-062/Library/Developer/Xcode/DerivedData/LibraryApp-ggrreozgjzwqzybnojfnttifbkwh/Build/Products/Debug-iphoneos/PackageFrameworks -F /Users/cobsccomp242p-062/Library/Developer/Xcode/DerivedData/LibraryApp-ggrreozgjzwqzybnojfnttifbkwh/Build/Products/Debug-iphoneos -F /Applications/Xcode.app/Contents/Developer/Platforms/iPhoneOS.platform/Developer/Library/Frameworks -F /Applications/Xcode.app/Contents/Developer/Platforms/iPhoneOS.platform/Developer/SDKs/iPhoneOS26.2.sdk/Developer/Library/Frameworks -c -j8 -enable-batch-mode -incremental -Xcc -ivfsstatcache -Xcc /Users/cobsccomp242p-062/Library/Developer/Xcode/DerivedData/SDKStatCaches.noindex/iphoneos26.2-23C53-3794476bd08197c3e2abd9bb477ef7f7.sdkstatcache -output-file-map /Users/cobsccomp242p-062/Library/Developer/Xcode/DerivedData/LibraryApp-ggrreozgjzwqzybnojfnttifbkwh/Build/Intermediates.noindex/Firebase.build/Debug-iphoneos/FirebaseAuth.build/Objects-normal/arm64/FirebaseAuth-OutputFileMap.json -use-frontend-parseable-output -save-temps -no-color-diagnostics -explicit-module-build -module-cache-path /Users/cobsccomp242p-062/Library/Developer/Xcode/DerivedData/LibraryApp-ggrreozgjzwqzybnojfnttifbkwh/Build/Intermediates.noindex/SwiftExplicitPrecompiledModules -clang-scanner-module-cache-path /Users/cobsccomp242p-062/Library/Developer/Xcode/DerivedData/ModuleCache.noindex -sdk-module-cache-path /Users/cobsccomp242p-062/Library/Developer/Xcode/DerivedData/ModuleCache.noindex -serialize-diagnostics -emit-dependencies -emit-module -emit-module-path /Users/cobsccomp242p-062/Library/Developer/Xcode/DerivedData/LibraryApp-ggrreozgjzwqzybnojfnttifbkwh/Build/Intermediates.noindex/Firebase.build/Debug-iphoneos/FirebaseAuth.build/Objects-normal/arm64/FirebaseAuth.swiftmodule -validate-clang-modules-once -clang-build-session-file /Users/cobsccomp242p-062/Library/Developer/Xcode/DerivedData/ModuleCache.noindex/Session.modulevalidation -package-name firebase_ios_sdk -Xcc -I/Users/cobsccomp242p-062/Library/Developer/Xcode/DerivedData/LibraryApp-ggrreozgjzwqzybnojfnttifbkwh/Build/Intermediates.noindex/Firebase.build/Debug-iphoneos/FirebaseAuth.build/swift-overrides.hmap -emit-const-values -Xfrontend -const-gather-protocols-file -Xfrontend /Users/cobsccomp242p-062/Library/Developer/Xcode/DerivedData/LibraryApp-ggrreozgjzwqzybnojfnttifbkwh/Build/Intermediates.noindex/Firebase.build/Debug-iphoneos/FirebaseAuth.build/Objects-normal/arm64/FirebaseAuth_const_extract_protocols.json -Xcc -I/Users/cobsccomp242p-062/Library/Developer/Xcode/DerivedData/LibraryApp-ggrreozgjzwqzybnojfnttifbkwh/SourcePackages/checkouts/interop-ios-for-google-sdks/RecaptchaEnterprise/RecaptchaInterop/Public -Xcc -I/Users/cobsccomp242p-062/Library/Developer/Xcode/DerivedData/LibraryApp-ggrreozgjzwqzybnojfnttifbkwh/SourcePackages/checkouts/GoogleUtilities/GoogleUtilities/Network/Public -Xcc -I/Users/cobsccomp242p-062/Library/Developer/Xcode/DerivedData/LibraryApp-ggrreozgjzwqzybnojfnttifbkwh/SourcePackages/checkouts/GoogleUtilities/GoogleUtilities/Reachability/Public -Xcc -I/Users/cobsccomp242p-062/Library/Developer/Xcode/DerivedData/LibraryApp-ggrreozgjzwqzybnojfnttifbkwh/SourcePackages/checkouts/GoogleUtilities/GoogleUtilities/NSData+zlib/Public -Xcc -I/Users/cobsccomp242p-062/Library/Developer/Xcode/DerivedData/LibraryApp-ggrreozgjzwqzybnojfnttifbkwh/SourcePackages/checkouts/GoogleUtilities/GoogleUtilities/Logger/Public -Xcc -I/Users/cobsccomp242p-062/Library/Developer/Xcode/DerivedData/LibraryApp-ggrreozgjzwqzybnojfnttifbkwh/SourcePackages/checkouts/GoogleUtilities/GoogleUtilities/Environment/Public -Xcc -I/Users/cobsccomp242p-062/Library/Developer/Xcode/DerivedData/LibraryApp-ggrreozgjzwqzybnojfnttifbkwh/SourcePackages/checkouts/GoogleUtilities/third_party/IsAppEncrypted/Public -Xcc -I/Users/cobsccomp242p-062/Library/Developer/Xcode/DerivedData/LibraryApp-ggrreozgjzwqzybnojfnttifbkwh/SourcePackages/checkouts/GoogleUtilities/GoogleUtilities/AppDelegateSwizzler/Public -Xcc -I/Users/cobsccomp242p-062/Library/Developer/Xcode/DerivedData/LibraryApp-ggrreozgjzwqzybnojfnttifbkwh/SourcePackages/checkouts/gtm-session-fetcher/Sources/Core/Public -Xcc -I/Users/cobsccomp242p-062/Library/Developer/Xcode/DerivedData/LibraryApp-ggrreozgjzwqzybnojfnttifbkwh/SourcePackages/checkouts/firebase-ios-sdk/FirebaseCore/Extension -Xcc -I/Users/cobsccomp242p-062/Library/Developer/Xcode/DerivedData/LibraryApp-ggrreozgjzwqzybnojfnttifbkwh/SourcePackages/checkouts/firebase-ios-sdk/FirebaseCore/Sources/Public -Xcc -I/Users/cobsccomp242p-062/Library/Developer/Xcode/DerivedData/LibraryApp-ggrreozgjzwqzybnojfnttifbkwh/SourcePackages/checkouts/firebase-ios-sdk/CoreOnly/Sources -Xcc -I/Users/cobsccomp242p-062/Library/Developer/Xcode/DerivedData/LibraryApp-ggrreozgjzwqzybnojfnttifbkwh/SourcePackages/checkouts/firebase-ios-sdk/FirebaseAuth/Sources/Public -Xcc -I/Users/cobsccomp242p-062/Library/Developer/Xcode/DerivedData/LibraryApp-ggrreozgjzwqzybnojfnttifbkwh/SourcePackages/checkouts/firebase-ios-sdk/FirebaseAuth/Interop/Public -Xcc -I/Users/cobsccomp242p-062/Library/Developer/Xcode/DerivedData/LibraryApp-ggrreozgjzwqzybnojfnttifbkwh/SourcePackages/checkouts/firebase-ios-sdk/FirebaseAppCheck/Interop/Public -Xcc -I/Users/cobsccomp242p-062/Library/Developer/Xcode/DerivedData/LibraryApp-ggrreozgjzwqzybnojfnttifbkwh/Build/Products/Debug-iphoneos/include -Xcc -I/Users/cobsccomp242p-062/Library/Developer/Xcode/DerivedData/LibraryApp-ggrreozgjzwqzybnojfnttifbkwh/Build/Intermediates.noindex/Firebase.build/Debug-iphoneos/FirebaseAuth.build/DerivedSources-normal/arm64 -Xcc -I/Users/cobsccomp242p-062/Library/Developer/Xcode/DerivedData/LibraryApp-ggrreozgjzwqzybnojfnttifbkwh/Build/Intermediates.noindex/Firebase.build/Debug-iphoneos/FirebaseAuth.build/DerivedSources/arm64 -Xcc -I/Users/cobsccomp242p-062/Library/Developer/Xcode/DerivedData/LibraryApp-ggrreozgjzwqzybnojfnttifbkwh/Build/Intermediates.noindex/Firebase.build/Debug-iphoneos/FirebaseAuth.build/DerivedSources -Xcc -DSWIFT_PACKAGE -Xcc -DDEBUG\=1 -emit-objc-header -emit-objc-header-path /Users/cobsccomp242p-062/Library/Developer/Xcode/DerivedData/LibraryApp-ggrreozgjzwqzybnojfnttifbkwh/Build/Intermediates.noindex/Firebase.build/Debug-iphoneos/FirebaseAuth.build/Objects-normal/arm64/FirebaseAuth-Swift.h -working-directory /Users/cobsccomp242p-062/Documents/SmartLibrary-main-2/LibraryApp.xcodeproj -experimental-emit-module-separately -disable-cmo

SwiftDriver LibraryApp normal arm64 com.apple.xcode.tools.swift.compiler (in target 'LibraryApp' from project 'LibraryApp')
    cd /Users/cobsccomp242p-062/Documents/SmartLibrary-main-2
    builtin-SwiftDriver -- /Applications/Xcode.app/Contents/Developer/Toolchains/XcodeDefault.xctoolchain/usr/bin/swiftc -module-name LibraryApp -Onone -enforce-exclusivity\=checked @/Users/cobsccomp242p-062/Library/Developer/Xcode/DerivedData/LibraryApp-ggrreozgjzwqzybnojfnttifbkwh/Build/Intermediates.noindex/LibraryApp.build/Debug-iphoneos/LibraryApp.build/Objects-normal/arm64/LibraryApp.SwiftFileList -DDEBUG -Xcc -fmodule-map-file\=/Users/cobsccomp242p-062/Library/Developer/Xcode/DerivedData/LibraryApp-ggrreozgjzwqzybnojfnttifbkwh/Build/Intermediates.noindex/GeneratedModuleMaps-iphoneos/RecaptchaInterop.modulemap -Xcc -fmodule-map-file\=/Users/cobsccomp242p-062/Library/Developer/Xcode/DerivedData/LibraryApp-ggrreozgjzwqzybnojfnttifbkwh/Build/Intermediates.noindex/GeneratedModuleMaps-iphoneos/GoogleUtilities-Network.modulemap -Xcc -fmodule-map-file\=/Users/cobsccomp242p-062/Library/Developer/Xcode/DerivedData/LibraryApp-ggrreozgjzwqzybnojfnttifbkwh/Build/Intermediates.noindex/GeneratedModuleMaps-iphoneos/GoogleUtilities-Reachability.modulemap -Xcc -fmodule-map-file\=/Users/cobsccomp242p-062/Library/Developer/Xcode/DerivedData/LibraryApp-ggrreozgjzwqzybnojfnttifbkwh/Build/Intermediates.noindex/GeneratedModuleMaps-iphoneos/GoogleUtilities-AppDelegateSwizzler.modulemap -Xcc -fmodule-map-file\=/Users/cobsccomp242p-062/Library/Developer/Xcode/DerivedData/LibraryApp-ggrreozgjzwqzybnojfnttifbkwh/Build/Intermediates.noindex/GeneratedModuleMaps-iphoneos/GTMSessionFetcherCore.modulemap -Xcc -fmodule-map-file\=/Users/cobsccomp242p-062/Library/Developer/Xcode/DerivedData/LibraryApp-ggrreozgjzwqzybnojfnttifbkwh/Build/Intermediates.noindex/GeneratedModuleMaps-iphoneos/FirebaseAuthInternal.modulemap -Xcc -fmodule-map-file\=/Users/cobsccomp242p-062/Library/Developer/Xcode/DerivedData/LibraryApp-ggrreozgjzwqzybnojfnttifbkwh/Build/Intermediates.noindex/GeneratedModuleMaps-iphoneos/FirebaseAuthInterop.modulemap -Xcc -fmodule-map-file\=/Users/cobsccomp242p-062/Library/Developer/Xcode/DerivedData/LibraryApp-ggrreozgjzwqzybnojfnttifbkwh/Build/Intermediates.noindex/GeneratedModuleMaps-iphoneos/GoogleUtilities-NSData.modulemap -Xcc -fmodule-map-file\=/Users/cobsccomp242p-062/Library/Developer/Xcode/DerivedData/LibraryApp-ggrreozgjzwqzybnojfnttifbkwh/Build/Intermediates.noindex/GeneratedModuleMaps-iphoneos/GoogleUtilities-Environment.modulemap -Xcc -fmodule-map-file\=/Users/cobsccomp242p-062/Library/Developer/Xcode/DerivedData/LibraryApp-ggrreozgjzwqzybnojfnttifbkwh/Build/Intermediates.noindex/GeneratedModuleMaps-iphoneos/third-party-IsAppEncrypted.modulemap -Xcc -fmodule-map-file\=/Users/cobsccomp242p-062/Library/Developer/Xcode/DerivedData/LibraryApp-ggrreozgjzwqzybnojfnttifbkwh/Build/Intermediates.noindex/GeneratedModuleMaps-iphoneos/GoogleUtilities-Logger.modulemap -Xcc -fmodule-map-file\=/Users/cobsccomp242p-062/Library/Developer/Xcode/DerivedData/LibraryApp-ggrreozgjzwqzybnojfnttifbkwh/Build/Intermediates.noindex/GeneratedModuleMaps-iphoneos/abslWrapper.modulemap -Xcc -fmodule-map-file\=/Users/cobsccomp242p-062/Library/Developer/Xcode/DerivedData/LibraryApp-ggrreozgjzwqzybnojfnttifbkwh/Build/Intermediates.noindex/GeneratedModuleMaps-iphoneos/opensslWrapper.modulemap -Xcc -fmodule-map-file\=/Users/cobsccomp242p-062/Library/Developer/Xcode/DerivedData/LibraryApp-ggrreozgjzwqzybnojfnttifbkwh/Build/Intermediates.noindex/GeneratedModuleMaps-iphoneos/grpcWrapper.modulemap -Xcc -fmodule-map-file\=/Users/cobsccomp242p-062/Library/Developer/Xcode/DerivedData/LibraryApp-ggrreozgjzwqzybnojfnttifbkwh/Build/Intermediates.noindex/GeneratedModuleMaps-iphoneos/grpcppWrapper.modulemap -Xcc -fmodule-map-file\=/Users/cobsccomp242p-062/Library/Developer/Xcode/DerivedData/LibraryApp-ggrreozgjzwqzybnojfnttifbkwh/Build/Intermediates.noindex/GeneratedModuleMaps-iphoneos/nanopb.modulemap -Xcc -fmodule-map-file\=/Users/cobsccomp242p-062/Library/Developer/Xcode/DerivedData/LibraryApp-ggrreozgjzwqzybnojfnttifbkwh/Build/Intermediates.noindex/GeneratedModuleMaps-iphoneos/leveldb.modulemap -Xcc -fmodule-map-file\=/Users/cobsccomp242p-062/Library/Developer/Xcode/DerivedData/LibraryApp-ggrreozgjzwqzybnojfnttifbkwh/Build/Intermediates.noindex/GeneratedModuleMaps-iphoneos/FirebaseCoreExtension.modulemap -Xcc -fmodule-map-file\=/Users/cobsccomp242p-062/Library/Developer/Xcode/DerivedData/LibraryApp-ggrreozgjzwqzybnojfnttifbkwh/Build/Intermediates.noindex/GeneratedModuleMaps-iphoneos/FirebaseCore.modulemap -Xcc -fmodule-map-file\=/Users/cobsccomp242p-062/Library/Developer/Xcode/DerivedData/LibraryApp-ggrreozgjzwqzybnojfnttifbkwh/Build/Intermediates.noindex/GeneratedModuleMaps-iphoneos/FirebaseAppCheckInterop.modulemap -Xcc -fmodule-map-file\=/Users/cobsccomp242p-062/Library/Developer/Xcode/DerivedData/LibraryApp-ggrreozgjzwqzybnojfnttifbkwh/Build/Intermediates.noindex/GeneratedModuleMaps-iphoneos/FirebaseFirestoreInternalWrapper.modulemap -Xcc -fmodule-map-file\=/Users/cobsccomp242p-062/Library/Developer/Xcode/DerivedData/LibraryApp-ggrreozgjzwqzybnojfnttifbkwh/Build/Intermediates.noindex/GeneratedModuleMaps-iphoneos/FirebaseFirestoreTarget.modulemap -default-isolation\=MainActor -enable-bare-slash-regex -enable-upcoming-feature DisableOutwardActorInference -enable-upcoming-feature InferSendableFromCaptures -enable-upcoming-feature GlobalActorIsolatedTypesUsability -enable-upcoming-feature MemberImportVisibility -enable-upcoming-feature InferIsolatedConformances -enable-upcoming-feature NonisolatedNonsendingByDefault -enable-experimental-feature DebugDescriptionMacro -sdk /Applications/Xcode.app/Contents/Developer/Platforms/iPhoneOS.platform/Developer/SDKs/iPhoneOS26.2.sdk -target arm64-apple-ios26.2 -g -module-cache-path /Users/cobsccomp242p-062/Library/Developer/Xcode/DerivedData/ModuleCache.noindex -Xfrontend -serialize-debugging-options -enable-testing -index-store-path /Users/cobsccomp242p-062/Library/Developer/Xcode/DerivedData/LibraryApp-ggrreozgjzwqzybnojfnttifbkwh/Index.noindex/DataStore -Xcc -D_LIBCPP_HARDENING_MODE\=_LIBCPP_HARDENING_MODE_DEBUG -swift-version 5 -I /Users/cobsccomp242p-062/Library/Developer/Xcode/DerivedData/LibraryApp-ggrreozgjzwqzybnojfnttifbkwh/Build/Products/Debug-iphoneos -F /Users/cobsccomp242p-062/Library/Developer/Xcode/DerivedData/LibraryApp-ggrreozgjzwqzybnojfnttifbkwh/Build/Products/Debug-iphoneos/PackageFrameworks -F /Users/cobsccomp242p-062/Library/Developer/Xcode/DerivedData/LibraryApp-ggrreozgjzwqzybnojfnttifbkwh/Build/Products/Debug-iphoneos/PackageFrameworks -F /Users/cobsccomp242p-062/Library/Developer/Xcode/DerivedData/LibraryApp-ggrreozgjzwqzybnojfnttifbkwh/Build/Products/Debug-iphoneos/PackageFrameworks -F /Users/cobsccomp242p-062/Library/Developer/Xcode/DerivedData/LibraryApp-ggrreozgjzwqzybnojfnttifbkwh/Build/Products/Debug-iphoneos/PackageFrameworks -F /Users/cobsccomp242p-062/Library/Developer/Xcode/DerivedData/LibraryApp-ggrreozgjzwqzybnojfnttifbkwh/Build/Products/Debug-iphoneos/PackageFrameworks -F /Users/cobsccomp242p-062/Library/Developer/Xcode/DerivedData/LibraryApp-ggrreozgjzwqzybnojfnttifbkwh/Build/Products/Debug-iphoneos/PackageFrameworks -F /Users/cobsccomp242p-062/Library/Developer/Xcode/DerivedData/LibraryApp-ggrreozgjzwqzybnojfnttifbkwh/Build/Products/Debug-iphoneos/PackageFrameworks -F /Users/cobsccomp242p-062/Library/Developer/Xcode/DerivedData/LibraryApp-ggrreozgjzwqzybnojfnttifbkwh/Build/Products/Debug-iphoneos/PackageFrameworks -F /Users/cobsccomp242p-062/Library/Developer/Xcode/DerivedData/LibraryApp-ggrreozgjzwqzybnojfnttifbkwh/Build/Products/Debug-iphoneos/PackageFrameworks -F /Users/cobsccomp242p-062/Library/Developer/Xcode/DerivedData/LibraryApp-ggrreozgjzwqzybnojfnttifbkwh/Build/Products/Debug-iphoneos/PackageFrameworks -F /Users/cobsccomp242p-062/Library/Developer/Xcode/DerivedData/LibraryApp-ggrreozgjzwqzybnojfnttifbkwh/Build/Products/Debug-iphoneos/PackageFrameworks -F /Users/cobsccomp242p-062/Library/Developer/Xcode/DerivedData/LibraryApp-ggrreozgjzwqzybnojfnttifbkwh/Build/Products/Debug-iphoneos/PackageFrameworks -F /Users/cobsccomp242p-062/Library/Developer/Xcode/DerivedData/LibraryApp-ggrreozgjzwqzybnojfnttifbkwh/Build/Products/Debug-iphoneos/PackageFrameworks -F /Users/cobsccomp242p-062/Library/Developer/Xcode/DerivedData/LibraryApp-ggrreozgjzwqzybnojfnttifbkwh/Build/Products/Debug-iphoneos/PackageFrameworks -F /Users/cobsccomp242p-062/Library/Developer/Xcode/DerivedData/LibraryApp-ggrreozgjzwqzybnojfnttifbkwh/Build/Products/Debug-iphoneos/PackageFrameworks -F /Users/cobsccomp242p-062/Library/Developer/Xcode/DerivedData/LibraryApp-ggrreozgjzwqzybnojfnttifbkwh/Build/Products/Debug-iphoneos/PackageFrameworks -F /Users/cobsccomp242p-062/Library/Developer/Xcode/DerivedData/LibraryApp-ggrreozgjzwqzybnojfnttifbkwh/Build/Products/Debug-iphoneos/PackageFrameworks -F /Users/cobsccomp242p-062/Library/Developer/Xcode/DerivedData/LibraryApp-ggrreozgjzwqzybnojfnttifbkwh/Build/Products/Debug-iphoneos/PackageFrameworks -F /Users/cobsccomp242p-062/Library/Developer/Xcode/DerivedData/LibraryApp-ggrreozgjzwqzybnojfnttifbkwh/Build/Products/Debug-iphoneos/PackageFrameworks -F /Users/cobsccomp242p-062/Library/Developer/Xcode/DerivedData/LibraryApp-ggrreozgjzwqzybnojfnttifbkwh/Build/Products/Debug-iphoneos/PackageFrameworks -F /Users/cobsccomp242p-062/Library/Developer/Xcode/DerivedData/LibraryApp-ggrreozgjzwqzybnojfnttifbkwh/Build/Products/Debug-iphoneos/PackageFrameworks -F /Users/cobsccomp242p-062/Library/Developer/Xcode/DerivedData/LibraryApp-ggrreozgjzwqzybnojfnttifbkwh/Build/Products/Debug-iphoneos/PackageFrameworks -F /Users/cobsccomp242p-062/Library/Developer/Xcode/DerivedData/LibraryApp-ggrreozgjzwqzybnojfnttifbkwh/Build/Products/Debug-iphoneos/PackageFrameworks -F /Users/cobsccomp242p-062/Library/Developer/Xcode/DerivedData/LibraryApp-ggrreozgjzwqzybnojfnttifbkwh/Build/Products/Debug-iphoneos/PackageFrameworks -F /Users/cobsccomp242p-062/Library/Developer/Xcode/DerivedData/LibraryApp-ggrreozgjzwqzybnojfnttifbkwh/Build/Products/Debug-iphoneos/PackageFrameworks -F /Users/cobsccomp242p-062/Library/Developer/Xcode/DerivedData/LibraryApp-ggrreozgjzwqzybnojfnttifbkwh/Build/Products/Debug-iphoneos/PackageFrameworks -F /Users/cobsccomp242p-062/Library/Developer/Xcode/DerivedData/LibraryApp-ggrreozgjzwqzybnojfnttifbkwh/Build/Products/Debug-iphoneos/PackageFrameworks -F /Users/cobsccomp242p-062/Library/Developer/Xcode/DerivedData/LibraryApp-ggrreozgjzwqzybnojfnttifbkwh/Build/Products/Debug-iphoneos -emit-localized-strings -emit-localized-strings-path /Users/cobsccomp242p-062/Library/Developer/Xcode/DerivedData/LibraryApp-ggrreozgjzwqzybnojfnttifbkwh/Build/Intermediates.noindex/LibraryApp.build/Debug-iphoneos/LibraryApp.build/Objects-normal/arm64 -c -j8 -enable-batch-mode -incremental -Xcc -ivfsstatcache -Xcc /Users/cobsccomp242p-062/Library/Developer/Xcode/DerivedData/SDKStatCaches.noindex/iphoneos26.2-23C53-3794476bd08197c3e2abd9bb477ef7f7.sdkstatcache -output-file-map /Users/cobsccomp242p-062/Library/Developer/Xcode/DerivedData/LibraryApp-ggrreozgjzwqzybnojfnttifbkwh/Build/Intermediates.noindex/LibraryApp.build/Debug-iphoneos/LibraryApp.build/Objects-normal/arm64/LibraryApp-OutputFileMap.json -use-frontend-parseable-output -save-temps -no-color-diagnostics -explicit-module-build -module-cache-path /Users/cobsccomp242p-062/Library/Developer/Xcode/DerivedData/LibraryApp-ggrreozgjzwqzybnojfnttifbkwh/Build/Intermediates.noindex/SwiftExplicitPrecompiledModules -clang-scanner-module-cache-path /Users/cobsccomp242p-062/Library/Developer/Xcode/DerivedData/ModuleCache.noindex -sdk-module-cache-path /Users/cobsccomp242p-062/Library/Developer/Xcode/DerivedData/ModuleCache.noindex -serialize-diagnostics -emit-dependencies -emit-module -emit-module-path /Users/cobsccomp242p-062/Library/Developer/Xcode/DerivedData/LibraryApp-ggrreozgjzwqzybnojfnttifbkwh/Build/Intermediates.noindex/LibraryApp.build/Debug-iphoneos/LibraryApp.build/Objects-normal/arm64/LibraryApp.swiftmodule -validate-clang-modules-once -clang-build-session-file /Users/cobsccomp242p-062/Library/Developer/Xcode/DerivedData/ModuleCache.noindex/Session.modulevalidation -Xcc -I/Users/cobsccomp242p-062/Library/Developer/Xcode/DerivedData/LibraryApp-ggrreozgjzwqzybnojfnttifbkwh/Build/Intermediates.noindex/LibraryApp.build/Debug-iphoneos/LibraryApp.build/swift-overrides.hmap -emit-const-values -Xfrontend -const-gather-protocols-file -Xfrontend /Users/cobsccomp242p-062/Library/Developer/Xcode/DerivedData/LibraryApp-ggrreozgjzwqzybnojfnttifbkwh/Build/Intermediates.noindex/LibraryApp.build/Debug-iphoneos/LibraryApp.build/Objects-normal/arm64/LibraryApp_const_extract_protocols.json -Xcc -iquote -Xcc /Users/cobsccomp242p-062/Library/Developer/Xcode/DerivedData/LibraryApp-ggrreozgjzwqzybnojfnttifbkwh/Build/Intermediates.noindex/LibraryApp.build/Debug-iphoneos/LibraryApp.build/LibraryApp-generated-files.hmap -Xcc -I/Users/cobsccomp242p-062/Library/Developer/Xcode/DerivedData/LibraryApp-ggrreozgjzwqzybnojfnttifbkwh/Build/Intermediates.noindex/LibraryApp.build/Debug-iphoneos/LibraryApp.build/LibraryApp-own-target-headers.hmap -Xcc -I/Users/cobsccomp242p-062/Library/Developer/Xcode/DerivedData/LibraryApp-ggrreozgjzwqzybnojfnttifbkwh/Build/Intermediates.noindex/LibraryApp.build/Debug-iphoneos/LibraryApp.build/LibraryApp-all-non-framework-target-headers.hmap -Xcc -ivfsoverlay -Xcc /Users/cobsccomp242p-062/Library/Developer/Xcode/DerivedData/LibraryApp-ggrreozgjzwqzybnojfnttifbkwh/Build/Intermediates.noindex/LibraryApp.build/Debug-iphoneos/LibraryApp-9c70172a3a3d1c15a6f9556a6c3ed6c8-VFS-iphoneos/all-product-headers.yaml -Xcc -iquote -Xcc /Users/cobsccomp242p-062/Library/Developer/Xcode/DerivedData/LibraryApp-ggrreozgjzwqzybnojfnttifbkwh/Build/Intermediates.noindex/LibraryApp.build/Debug-iphoneos/LibraryApp.build/LibraryApp-project-headers.hmap -Xcc -I/Users/cobsccomp242p-062/Library/Developer/Xcode/DerivedData/LibraryApp-ggrreozgjzwqzybnojfnttifbkwh/SourcePackages/checkouts/interop-ios-for-google-sdks/RecaptchaEnterprise/RecaptchaInterop/Public -Xcc -I/Users/cobsccomp242p-062/Library/Developer/Xcode/DerivedData/LibraryApp-ggrreozgjzwqzybnojfnttifbkwh/SourcePackages/checkouts/GoogleUtilities/GoogleUtilities/Network/Public -Xcc -I/Users/cobsccomp242p-062/Library/Developer/Xcode/DerivedData/LibraryApp-ggrreozgjzwqzybnojfnttifbkwh/SourcePackages/checkouts/GoogleUtilities/GoogleUtilities/Reachability/Public -Xcc -I/Users/cobsccomp242p-062/Library/Developer/Xcode/DerivedData/LibraryApp-ggrreozgjzwqzybnojfnttifbkwh/SourcePackages/checkouts/GoogleUtilities/GoogleUtilities/AppDelegateSwizzler/Public -Xcc -I/Users/cobsccomp242p-062/Library/Developer/Xcode/DerivedData/LibraryApp-ggrreozgjzwqzybnojfnttifbkwh/SourcePackages/checkouts/gtm-session-fetcher/Sources/Core/Public -Xcc -I/Users/cobsccomp242p-062/Library/Developer/Xcode/DerivedData/LibraryApp-ggrreozgjzwqzybnojfnttifbkwh/SourcePackages/checkouts/firebase-ios-sdk/FirebaseAuth/Sources/Public -Xcc -I/Users/cobsccomp242p-062/Library/Developer/Xcode/DerivedData/LibraryApp-ggrreozgjzwqzybnojfnttifbkwh/SourcePackages/checkouts/firebase-ios-sdk/FirebaseAuth/Interop/Public -Xcc -I/Users/cobsccomp242p-062/Library/Developer/Xcode/DerivedData/LibraryApp-ggrreozgjzwqzybnojfnttifbkwh/SourcePackages/checkouts/GoogleUtilities/GoogleUtilities/NSData+zlib/Public -Xcc -I/Users/cobsccomp242p-062/Library/Developer/Xcode/DerivedData/LibraryApp-ggrreozgjzwqzybnojfnttifbkwh/SourcePackages/checkouts/GoogleUtilities/GoogleUtilities/Environment/Public -Xcc -I/Users/cobsccomp242p-062/Library/Developer/Xcode/DerivedData/LibraryApp-ggrreozgjzwqzybnojfnttifbkwh/SourcePackages/checkouts/GoogleUtilities/third_party/IsAppEncrypted/Public -Xcc -I/Users/cobsccomp242p-062/Library/Developer/Xcode/DerivedData/LibraryApp-ggrreozgjzwqzybnojfnttifbkwh/SourcePackages/checkouts/GoogleUtilities/GoogleUtilities/Logger/Public -Xcc -I/Users/cobsccomp242p-062/Library/Developer/Xcode/DerivedData/LibraryApp-ggrreozgjzwqzybnojfnttifbkwh/SourcePackages/checkouts/abseil-cpp-binary/absl-Wrapper/include -Xcc -I/Users/cobsccomp242p-062/Library/Developer/Xcode/DerivedData/LibraryApp-ggrreozgjzwqzybnojfnttifbkwh/SourcePackages/checkouts/grpc-binary/openssl-grpc-Wrapper/include -Xcc -I/Users/cobsccomp242p-062/Library/Developer/Xcode/DerivedData/LibraryApp-ggrreozgjzwqzybnojfnttifbkwh/SourcePackages/checkouts/grpc-binary/grpc-Wrapper/include -Xcc -I/Users/cobsccomp242p-062/Library/Developer/Xcode/DerivedData/LibraryApp-ggrreozgjzwqzybnojfnttifbkwh/SourcePackages/checkouts/grpc-binary/grpcpp-Wrapper/include -Xcc -I/Users/cobsccomp242p-062/Library/Developer/Xcode/DerivedData/LibraryApp-ggrreozgjzwqzybnojfnttifbkwh/SourcePackages/checkouts/nanopb/spm_headers -Xcc -I/Users/cobsccomp242p-062/Library/Developer/Xcode/DerivedData/LibraryApp-ggrreozgjzwqzybnojfnttifbkwh/SourcePackages/checkouts/leveldb/include -Xcc -I/Users/cobsccomp242p-062/Library/Developer/Xcode/DerivedData/LibraryApp-ggrreozgjzwqzybnojfnttifbkwh/SourcePackages/checkouts/firebase-ios-sdk/FirebaseCore/Extension -Xcc -I/Users/cobsccomp242p-062/Library/Developer/Xcode/DerivedData/LibraryApp-ggrreozgjzwqzybnojfnttifbkwh/SourcePackages/checkouts/firebase-ios-sdk/FirebaseCore/Sources/Public -Xcc -I/Users/cobsccomp242p-062/Library/Developer/Xcode/DerivedData/LibraryApp-ggrreozgjzwqzybnojfnttifbkwh/SourcePackages/checkouts/firebase-ios-sdk/CoreOnly/Sources -Xcc -I/Users/cobsccomp242p-062/Library/Developer/Xcode/DerivedData/LibraryApp-ggrreozgjzwqzybnojfnttifbkwh/SourcePackages/checkouts/firebase-ios-sdk/FirebaseAppCheck/Interop/Public -Xcc -I/Users/cobsccomp242p-062/Library/Developer/Xcode/DerivedData/LibraryApp-ggrreozgjzwqzybnojfnttifbkwh/SourcePackages/checkouts/firebase-ios-sdk/FirebaseFirestoreInternal -Xcc -I/Users/cobsccomp242p-062/Library/Developer/Xcode/DerivedData/LibraryApp-ggrreozgjzwqzybnojfnttifbkwh/SourcePackages/checkouts/firebase-ios-sdk/SwiftPM-PlatformExclude/FirebaseFirestoreWrap/include -Xcc -I/Users/cobsccomp242p-062/Library/Developer/Xcode/DerivedData/LibraryApp-ggrreozgjzwqzybnojfnttifbkwh/Build/Products/Debug-iphoneos/include -Xcc -I/Users/cobsccomp242p-062/Library/Developer/Xcode/DerivedData/LibraryApp-ggrreozgjzwqzybnojfnttifbkwh/Build/Intermediates.noindex/LibraryApp.build/Debug-iphoneos/LibraryApp.build/DerivedSources-normal/arm64 -Xcc -I/Users/cobsccomp242p-062/Library/Developer/Xcode/DerivedData/LibraryApp-ggrreozgjzwqzybnojfnttifbkwh/Build/Intermediates.noindex/LibraryApp.build/Debug-iphoneos/LibraryApp.build/DerivedSources/arm64 -Xcc -I/Users/cobsccomp242p-062/Library/Developer/Xcode/DerivedData/LibraryApp-ggrreozgjzwqzybnojfnttifbkwh/Build/Intermediates.noindex/LibraryApp.build/Debug-iphoneos/LibraryApp.build/DerivedSources -Xcc -DDEBUG\=1 -emit-objc-header -emit-objc-header-path /Users/cobsccomp242p-062/Library/Developer/Xcode/DerivedData/LibraryApp-ggrreozgjzwqzybnojfnttifbkwh/Build/Intermediates.noindex/LibraryApp.build/Debug-iphoneos/LibraryApp.build/Objects-normal/arm64/LibraryApp-Swift.h -working-directory /Users/cobsccomp242p-062/Documents/SmartLibrary-main-2 -experimental-emit-module-separately -disable-cmo
/Users/cobsccomp242p-062/Documents/SmartLibrary-main-2/LibraryApp/App/LibraryCompanionApp.swift:6:13: error: Statements are not allowed at the top level
            do {
            ^ (in target 'LibraryApp' from project 'LibraryApp')
/Users/cobsccomp242p-062/Documents/SmartLibrary-main-2/LibraryApp/App/LibraryCompanionApp.swift:25:9: error: Extraneous '}' at top level
        }
        ^
         (in target 'LibraryApp' from project 'LibraryApp')
/Users/cobsccomp242p-062/Documents/SmartLibrary-main-2/LibraryApp/App/LibraryCompanionApp.swift:26:5: error: Extraneous '}' at top level
    }()
    ^
     (in target 'LibraryApp' from project 'LibraryApp')
/Users/cobsccomp242p-062/Documents/SmartLibrary-main-2/LibraryApp/App/LibraryCompanionApp.swift:26:6: error: Consecutive statements on a line must be separated by ';'
    }()
     ^
     ; (in target 'LibraryApp' from project 'LibraryApp')
/Users/cobsccomp242p-062/Documents/SmartLibrary-main-2/LibraryApp/App/LibraryCompanionApp.swift:26:6: error: Expressions are not allowed at the top level
    }()
     ^ (in target 'LibraryApp' from project 'LibraryApp')
/Users/cobsccomp242p-062/Documents/SmartLibrary-main-2/LibraryApp/App/LibraryCompanionApp.swift:30:9: error: Initializers may only be declared within a type
    init() {
        ^ (in target 'LibraryApp' from project 'LibraryApp')
/Users/cobsccomp242p-062/Documents/SmartLibrary-main-2/LibraryApp/App/LibraryCompanionApp.swift:34:9: error: Extraneous '}' at top level
        }
        ^
         (in target 'LibraryApp' from project 'LibraryApp')
/Users/cobsccomp242p-062/Documents/SmartLibrary-main-2/LibraryApp/App/LibraryCompanionApp.swift:35:5: error: Extraneous '}' at top level
    }
    ^
     (in target 'LibraryApp' from project 'LibraryApp')
/Users/cobsccomp242p-062/Documents/SmartLibrary-main-2/LibraryApp/App/LibraryCompanionApp.swift:36:1: error: Extraneous '}' at top level
}
^ (in target 'LibraryApp' from project 'LibraryApp')
/Users/cobsccomp242p-062/Documents/SmartLibrary-main-2/LibraryApp/Auth/SignInViewModel.swift:8:9: error: Expected 'var' keyword in property declaration
        errorMessage = auth.errorMessage
        ^
        var  (in target 'LibraryApp' from project 'LibraryApp')
/Users/cobsccomp242p-062/Documents/SmartLibrary-main-2/LibraryApp/Auth/SignInViewModel.swift:10:1: error: Extraneous '}' at top level
}
^ (in target 'LibraryApp' from project 'LibraryApp')
/Users/cobsccomp242p-062/Documents/SmartLibrary-main-2/LibraryApp/Auth/SignUpViewModel.swift:9:13: error: Expected 'var' keyword in property declaration
            role: selectedRole,
            ^
            var  (in target 'LibraryApp' from project 'LibraryApp')
/Users/cobsccomp242p-062/Documents/SmartLibrary-main-2/LibraryApp/Auth/SignUpViewModel.swift:11:9: error: Expected declaration
        )
        ^ (in target 'LibraryApp' from project 'LibraryApp')
/Users/cobsccomp242p-062/Documents/SmartLibrary-main-2/LibraryApp/Auth/SignUpViewModel.swift:5:13: note: In declaration of 'SignUpViewModel'
final class SignUpViewModel {
            ^ (in target 'LibraryApp' from project 'LibraryApp')
/Users/cobsccomp242p-062/Documents/SmartLibrary-main-2/LibraryApp/Auth/SignUpViewModel.swift:14:1: error: Extraneous '}' at top level
}
^ (in target 'LibraryApp' from project 'LibraryApp')
/Users/cobsccomp242p-062/Documents/SmartLibrary-main-2/LibraryApp/Member/Home/HomeView.swift:14:9: error: Expressions are not allowed at the top level
        .task { await vm.load(user: user, modelContext: modelContext) }
        ^ (in target 'LibraryApp' from project 'LibraryApp')
/Users/cobsccomp242p-062/Documents/SmartLibrary-main-2/LibraryApp/Member/Home/HomeView.swift:15:5: error: Extraneous '}' at top level
    }
    ^
     (in target 'LibraryApp' from project 'LibraryApp')
/Users/cobsccomp242p-062/Documents/SmartLibrary-main-2/LibraryApp/Member/Home/HomeView.swift:16:1: error: Extraneous '}' at top level
}
^ (in target 'LibraryApp' from project 'LibraryApp')
/Users/cobsccomp242p-062/Documents/SmartLibrary-main-2/LibraryApp/Services/AuthService.swift:166:1: error: Extraneous '}' at top level
}
^ (in target 'LibraryApp' from project 'LibraryApp')

